Namespace(batch_size=32, csv_path='/global/scratch/akashgokul/VPGNet_data/mat_paths.csv', learning_rate=0.001, model='VPGNet', num_epochs_general=25, num_epochs_vp=25, root_dir='/global/scratch/akashgokul/VPGNet')

--------------------------------------------------
VP Training Phase
--------------------------------------------------
6
Training Batch: 0 / 6
Training Batch: 1 / 6
Training Batch: 2 / 6
Training Batch: 3 / 6
Training Batch: 4 / 6
Training Batch: 5 / 6
Eval Batch: 0 / 124
Eval Batch: 1 / 124
Eval Batch: 2 / 124
Eval Batch: 3 / 124
Eval Batch: 4 / 124
Eval Batch: 5 / 124
Eval Batch: 6 / 124
Eval Batch: 7 / 124
Eval Batch: 8 / 124
Eval Batch: 9 / 124
Eval Batch: 10 / 124
Eval Batch: 11 / 124
Eval Batch: 12 / 124
Eval Batch: 13 / 124
Eval Batch: 14 / 124
Eval Batch: 15 / 124
Eval Batch: 16 / 124
Eval Batch: 17 / 124
Eval Batch: 18 / 124
Eval Batch: 19 / 124
Eval Batch: 20 / 124
Eval Batch: 21 / 124
Eval Batch: 22 / 124
Eval Batch: 23 / 124
Eval Batch: 24 / 124
Eval Batch: 25 / 124
Eval Batch: 26 / 124
Eval Batch: 27 / 124
Eval Batch: 28 / 124
Eval Batch: 29 / 124
Eval Batch: 30 / 124
Eval Batch: 31 / 124
Eval Batch: 32 / 124
Eval Batch: 33 / 124
Eval Batch: 34 / 124
Eval Batch: 35 / 124
Eval Batch: 36 / 124
Eval Batch: 37 / 124
Eval Batch: 38 / 124
Eval Batch: 39 / 124
Eval Batch: 40 / 124
Eval Batch: 41 / 124
Eval Batch: 42 / 124
Eval Batch: 43 / 124
Eval Batch: 44 / 124
Eval Batch: 45 / 124
Eval Batch: 46 / 124
Eval Batch: 47 / 124
Eval Batch: 48 / 124
Eval Batch: 49 / 124
Eval Batch: 50 / 124
Eval Batch: 51 / 124
Eval Batch: 52 / 124
Eval Batch: 53 / 124
Eval Batch: 54 / 124
Eval Batch: 55 / 124
Eval Batch: 56 / 124
Eval Batch: 57 / 124
Eval Batch: 58 / 124
Eval Batch: 59 / 124
Eval Batch: 60 / 124
Eval Batch: 61 / 124
Eval Batch: 62 / 124
Eval Batch: 63 / 124
Eval Batch: 64 / 124
Eval Batch: 65 / 124
Eval Batch: 66 / 124
Eval Batch: 67 / 124
Eval Batch: 68 / 124
Eval Batch: 69 / 124
Eval Batch: 70 / 124
Eval Batch: 71 / 124
Eval Batch: 72 / 124
Eval Batch: 73 / 124
Eval Batch: 74 / 124
Eval Batch: 75 / 124
Eval Batch: 76 / 124
Eval Batch: 77 / 124
Eval Batch: 78 / 124
Eval Batch: 79 / 124
Eval Batch: 80 / 124
Eval Batch: 81 / 124
Eval Batch: 82 / 124
Eval Batch: 83 / 124
Eval Batch: 84 / 124
Eval Batch: 85 / 124
Eval Batch: 86 / 124
Eval Batch: 87 / 124
Eval Batch: 88 / 124
Eval Batch: 89 / 124
Eval Batch: 90 / 124
Eval Batch: 91 / 124
Eval Batch: 92 / 124
Eval Batch: 93 / 124
Eval Batch: 94 / 124
Eval Batch: 95 / 124
Eval Batch: 96 / 124
Eval Batch: 97 / 124
Eval Batch: 98 / 124
Eval Batch: 99 / 124
Eval Batch: 100 / 124
Eval Batch: 101 / 124
Eval Batch: 102 / 124
Eval Batch: 103 / 124
Eval Batch: 104 / 124
Eval Batch: 105 / 124
Eval Batch: 106 / 124
Eval Batch: 107 / 124
Eval Batch: 108 / 124
Eval Batch: 109 / 124
Eval Batch: 110 / 124
Eval Batch: 111 / 124
Eval Batch: 112 / 124
Eval Batch: 113 / 124
Eval Batch: 114 / 124
Eval Batch: 115 / 124
Eval Batch: 116 / 124
Eval Batch: 117 / 124
Eval Batch: 118 / 124
Eval Batch: 119 / 124
Eval Batch: 120 / 124
Eval Batch: 121 / 124
Eval Batch: 122 / 124
Eval Batch: 123 / 124
General Training: Epoch 1 Train loss vp: 5.42. Train Accuracy VP: 50.51. Validation loss OBJ: 27.60. Validation Accuracy OBJ: 49.90. Validation Loss VP: 0.00. Validation Accuracy VP: 100.00. Elapsed time: 150.02ms. 

--------------------------------------------------
VP Training Phase
--------------------------------------------------
Training Batch: 0 / 6
Training Batch: 1 / 6
Training Batch: 2 / 6
Training Batch: 3 / 6
Training Batch: 4 / 6
Training Batch: 5 / 6
Eval Batch: 0 / 124
Eval Batch: 1 / 124
Eval Batch: 2 / 124
Eval Batch: 3 / 124
Eval Batch: 4 / 124
Eval Batch: 5 / 124
Eval Batch: 6 / 124
Eval Batch: 7 / 124
Eval Batch: 8 / 124
Eval Batch: 9 / 124
Eval Batch: 10 / 124
Eval Batch: 11 / 124
Eval Batch: 12 / 124
Eval Batch: 13 / 124
Eval Batch: 14 / 124
Eval Batch: 15 / 124
Eval Batch: 16 / 124
Eval Batch: 17 / 124
Eval Batch: 18 / 124
Eval Batch: 19 / 124
Eval Batch: 20 / 124
Eval Batch: 21 / 124
Eval Batch: 22 / 124
Eval Batch: 23 / 124
Eval Batch: 24 / 124
Eval Batch: 25 / 124
Eval Batch: 26 / 124
Eval Batch: 27 / 124
Eval Batch: 28 / 124
Eval Batch: 29 / 124
Eval Batch: 30 / 124
Eval Batch: 31 / 124
Eval Batch: 32 / 124
Eval Batch: 33 / 124
Eval Batch: 34 / 124
Eval Batch: 35 / 124
Eval Batch: 36 / 124
Eval Batch: 37 / 124
Eval Batch: 38 / 124
Eval Batch: 39 / 124
Eval Batch: 40 / 124
Eval Batch: 41 / 124
Eval Batch: 42 / 124
Eval Batch: 43 / 124
Eval Batch: 44 / 124
Eval Batch: 45 / 124
Eval Batch: 46 / 124
Eval Batch: 47 / 124
Eval Batch: 48 / 124
Eval Batch: 49 / 124
Eval Batch: 50 / 124
Eval Batch: 51 / 124
Eval Batch: 52 / 124
Eval Batch: 53 / 124
Eval Batch: 54 / 124
Eval Batch: 55 / 124
Eval Batch: 56 / 124
Eval Batch: 57 / 124
Eval Batch: 58 / 124
Eval Batch: 59 / 124
Eval Batch: 60 / 124
Eval Batch: 61 / 124
Eval Batch: 62 / 124
Eval Batch: 63 / 124
Eval Batch: 64 / 124
Eval Batch: 65 / 124
Eval Batch: 66 / 124
Eval Batch: 67 / 124
Eval Batch: 68 / 124
Eval Batch: 69 / 124
Eval Batch: 70 / 124
Eval Batch: 71 / 124
Eval Batch: 72 / 124
Eval Batch: 73 / 124
Eval Batch: 74 / 124
Eval Batch: 75 / 124
Eval Batch: 76 / 124
Eval Batch: 77 / 124
Eval Batch: 78 / 124
Eval Batch: 79 / 124
Eval Batch: 80 / 124
Eval Batch: 81 / 124
Eval Batch: 82 / 124
Eval Batch: 83 / 124
Eval Batch: 84 / 124
Eval Batch: 85 / 124
Eval Batch: 86 / 124
Eval Batch: 87 / 124
Eval Batch: 88 / 124
Eval Batch: 89 / 124
Eval Batch: 90 / 124
Eval Batch: 91 / 124
Eval Batch: 92 / 124
Eval Batch: 93 / 124
Eval Batch: 94 / 124
Eval Batch: 95 / 124
Eval Batch: 96 / 124
Eval Batch: 97 / 124
Eval Batch: 98 / 124
Eval Batch: 99 / 124
Eval Batch: 100 / 124
Eval Batch: 101 / 124
Eval Batch: 102 / 124
Eval Batch: 103 / 124
Eval Batch: 104 / 124
Eval Batch: 105 / 124
Eval Batch: 106 / 124
Eval Batch: 107 / 124
Eval Batch: 108 / 124
Eval Batch: 109 / 124
Eval Batch: 110 / 124
Eval Batch: 111 / 124
Eval Batch: 112 / 124
Eval Batch: 113 / 124
Eval Batch: 114 / 124
Eval Batch: 115 / 124
Eval Batch: 116 / 124
Eval Batch: 117 / 124
Eval Batch: 118 / 124
Eval Batch: 119 / 124
Eval Batch: 120 / 124
Eval Batch: 121 / 124
Eval Batch: 122 / 124
Eval Batch: 123 / 124
General Training: Epoch 2 Train loss vp: 0.00. Train Accuracy VP: 100.00. Validation loss OBJ: 27.81. Validation Accuracy OBJ: 49.70. Validation Loss VP: 12.22. Validation Accuracy VP: 77.87. Elapsed time: 133.10ms. 

--------------------------------------------------
VP Training Phase
--------------------------------------------------
6
Training Batch: 0 / 6
Training Batch: 1 / 6
Training Batch: 2 / 6
Training Batch: 3 / 6
Training Batch: 4 / 6
Training Batch: 5 / 6
Eval Batch: 0 / 124
Eval Batch: 1 / 124
Eval Batch: 2 / 124
Eval Batch: 3 / 124
Eval Batch: 4 / 124
Eval Batch: 5 / 124
Eval Batch: 6 / 124
Eval Batch: 7 / 124
Eval Batch: 8 / 124
Eval Batch: 9 / 124
Eval Batch: 10 / 124
Eval Batch: 11 / 124
Eval Batch: 12 / 124
Eval Batch: 13 / 124
Eval Batch: 14 / 124
Eval Batch: 15 / 124
Eval Batch: 16 / 124
Eval Batch: 17 / 124
Eval Batch: 18 / 124
Eval Batch: 19 / 124
Eval Batch: 20 / 124
Eval Batch: 21 / 124
Eval Batch: 22 / 124
Eval Batch: 23 / 124
Eval Batch: 24 / 124
Eval Batch: 25 / 124
Eval Batch: 26 / 124
Eval Batch: 27 / 124
Eval Batch: 28 / 124
Eval Batch: 29 / 124
Eval Batch: 30 / 124
Eval Batch: 31 / 124
Eval Batch: 32 / 124
Eval Batch: 33 / 124
Eval Batch: 34 / 124
Eval Batch: 35 / 124
Eval Batch: 36 / 124
Eval Batch: 37 / 124
Eval Batch: 38 / 124
Eval Batch: 39 / 124
Eval Batch: 40 / 124
Eval Batch: 41 / 124
Eval Batch: 42 / 124
Eval Batch: 43 / 124
Eval Batch: 44 / 124
Eval Batch: 45 / 124
Eval Batch: 46 / 124
Eval Batch: 47 / 124
Eval Batch: 48 / 124
Eval Batch: 49 / 124
Eval Batch: 50 / 124
Eval Batch: 51 / 124
Eval Batch: 52 / 124
Eval Batch: 53 / 124
Eval Batch: 54 / 124
Eval Batch: 55 / 124
Eval Batch: 56 / 124
Eval Batch: 57 / 124
Eval Batch: 58 / 124
Eval Batch: 59 / 124
Eval Batch: 60 / 124
Eval Batch: 61 / 124
Eval Batch: 62 / 124
Eval Batch: 63 / 124
Eval Batch: 64 / 124
Eval Batch: 65 / 124
Eval Batch: 66 / 124
Eval Batch: 67 / 124
Eval Batch: 68 / 124
Eval Batch: 69 / 124
Eval Batch: 70 / 124
Eval Batch: 71 / 124
Eval Batch: 72 / 124
Eval Batch: 73 / 124
Eval Batch: 74 / 124
Eval Batch: 75 / 124
Eval Batch: 76 / 124
Eval Batch: 77 / 124
Eval Batch: 78 / 124
Eval Batch: 79 / 124
Eval Batch: 80 / 124
Eval Batch: 81 / 124
Eval Batch: 82 / 124
Eval Batch: 83 / 124
Eval Batch: 84 / 124
Eval Batch: 85 / 124
Eval Batch: 86 / 124
Eval Batch: 87 / 124
Eval Batch: 88 / 124
Eval Batch: 89 / 124
Eval Batch: 90 / 124
Eval Batch: 91 / 124
Eval Batch: 92 / 124
Eval Batch: 93 / 124
Eval Batch: 94 / 124
Eval Batch: 95 / 124
Eval Batch: 96 / 124
Eval Batch: 97 / 124
Eval Batch: 98 / 124
Eval Batch: 99 / 124
Eval Batch: 100 / 124
Eval Batch: 101 / 124
Eval Batch: 102 / 124
Eval Batch: 103 / 124
Eval Batch: 104 / 124
Eval Batch: 105 / 124
Eval Batch: 106 / 124
Eval Batch: 107 / 124
Eval Batch: 108 / 124
Eval Batch: 109 / 124
Eval Batch: 110 / 124
Eval Batch: 111 / 124
Eval Batch: 112 / 124
Eval Batch: 113 / 124
Eval Batch: 114 / 124
Eval Batch: 115 / 124
Eval Batch: 116 / 124
Eval Batch: 117 / 124
Eval Batch: 118 / 124
Eval Batch: 119 / 124
Eval Batch: 120 / 124
Eval Batch: 121 / 124
Eval Batch: 122 / 124
Eval Batch: 123 / 124
General Training: Epoch 3 Train loss vp: 0.92. Train Accuracy VP: 96.69. Validation loss OBJ: 27.13. Validation Accuracy OBJ: 50.87. Validation Loss VP: 0.00. Validation Accuracy VP: 100.00. Elapsed time: 138.93ms. 

--------------------------------------------------
VP Training Phase
--------------------------------------------------
6
Training Batch: 0 / 6
Training Batch: 1 / 6
Training Batch: 2 / 6
Training Batch: 3 / 6
Training Batch: 4 / 6
Training Batch: 5 / 6
Eval Batch: 0 / 124
Eval Batch: 1 / 124
Eval Batch: 2 / 124
Eval Batch: 3 / 124
Eval Batch: 4 / 124
Eval Batch: 5 / 124
Eval Batch: 6 / 124
Eval Batch: 7 / 124
Eval Batch: 8 / 124
Eval Batch: 9 / 124
Eval Batch: 10 / 124
Eval Batch: 11 / 124
Eval Batch: 12 / 124
Eval Batch: 13 / 124
Eval Batch: 14 / 124
Eval Batch: 15 / 124
Eval Batch: 16 / 124
Eval Batch: 17 / 124
Eval Batch: 18 / 124
Eval Batch: 19 / 124
Eval Batch: 20 / 124
Eval Batch: 21 / 124
Eval Batch: 22 / 124
Eval Batch: 23 / 124
Eval Batch: 24 / 124
Eval Batch: 25 / 124
Eval Batch: 26 / 124
Eval Batch: 27 / 124
Eval Batch: 28 / 124
Eval Batch: 29 / 124
Eval Batch: 30 / 124
Eval Batch: 31 / 124
Eval Batch: 32 / 124
Eval Batch: 33 / 124
Eval Batch: 34 / 124
Eval Batch: 35 / 124
Eval Batch: 36 / 124
Eval Batch: 37 / 124
Eval Batch: 38 / 124
Eval Batch: 39 / 124
Eval Batch: 40 / 124
Eval Batch: 41 / 124
Eval Batch: 42 / 124
Eval Batch: 43 / 124
Eval Batch: 44 / 124
Eval Batch: 45 / 124
Eval Batch: 46 / 124
Eval Batch: 47 / 124
Eval Batch: 48 / 124
Eval Batch: 49 / 124
Eval Batch: 50 / 124
Eval Batch: 51 / 124
Eval Batch: 52 / 124
Eval Batch: 53 / 124
Eval Batch: 54 / 124
Eval Batch: 55 / 124
Eval Batch: 56 / 124
Eval Batch: 57 / 124
Eval Batch: 58 / 124
Eval Batch: 59 / 124
Eval Batch: 60 / 124
Eval Batch: 61 / 124
Eval Batch: 62 / 124
Eval Batch: 63 / 124
Eval Batch: 64 / 124
Eval Batch: 65 / 124
Eval Batch: 66 / 124
Eval Batch: 67 / 124
Eval Batch: 68 / 124
Eval Batch: 69 / 124
Eval Batch: 70 / 124
Eval Batch: 71 / 124
Eval Batch: 72 / 124
Eval Batch: 73 / 124
Eval Batch: 74 / 124
Eval Batch: 75 / 124
Eval Batch: 76 / 124
Eval Batch: 77 / 124
Eval Batch: 78 / 124
Eval Batch: 79 / 124
Eval Batch: 80 / 124
Eval Batch: 81 / 124
Eval Batch: 82 / 124
Eval Batch: 83 / 124
Eval Batch: 84 / 124
Eval Batch: 85 / 124
Eval Batch: 86 / 124
Eval Batch: 87 / 124
Eval Batch: 88 / 124
Eval Batch: 89 / 124
Eval Batch: 90 / 124
Eval Batch: 91 / 124
Eval Batch: 92 / 124
Eval Batch: 93 / 124
Eval Batch: 94 / 124
Eval Batch: 95 / 124
Eval Batch: 96 / 124
Eval Batch: 97 / 124
Eval Batch: 98 / 124
Eval Batch: 99 / 124
Eval Batch: 100 / 124
Eval Batch: 101 / 124
Eval Batch: 102 / 124
Eval Batch: 103 / 124
Eval Batch: 104 / 124
Eval Batch: 105 / 124
Eval Batch: 106 / 124
Eval Batch: 107 / 124
Eval Batch: 108 / 124
Eval Batch: 109 / 124
Eval Batch: 110 / 124
Eval Batch: 111 / 124
Eval Batch: 112 / 124
Eval Batch: 113 / 124
Eval Batch: 114 / 124
Eval Batch: 115 / 124
Eval Batch: 116 / 124
Eval Batch: 117 / 124
Eval Batch: 118 / 124
Eval Batch: 119 / 124
Eval Batch: 120 / 124
Eval Batch: 121 / 124
Eval Batch: 122 / 124
Eval Batch: 123 / 124
General Training: Epoch 4 Train loss vp: 0.00. Train Accuracy VP: 100.00. Validation loss OBJ: 27.45. Validation Accuracy OBJ: 50.29. Validation Loss VP: 0.00. Validation Accuracy VP: 100.00. Elapsed time: 132.43ms. 

--------------------------------------------------
VP Training Phase
--------------------------------------------------
6
Training Batch: 0 / 6
Training Batch: 1 / 6
Training Batch: 2 / 6
Training Batch: 3 / 6
Training Batch: 4 / 6
Training Batch: 5 / 6
Eval Batch: 0 / 124
Eval Batch: 1 / 124
Eval Batch: 2 / 124
Eval Batch: 3 / 124
Eval Batch: 4 / 124
Eval Batch: 5 / 124
Eval Batch: 6 / 124
Eval Batch: 7 / 124
Eval Batch: 8 / 124
Eval Batch: 9 / 124
Eval Batch: 10 / 124
Eval Batch: 11 / 124
Eval Batch: 12 / 124
Eval Batch: 13 / 124
Eval Batch: 14 / 124
Eval Batch: 15 / 124
Eval Batch: 16 / 124
Eval Batch: 17 / 124
Eval Batch: 18 / 124
Eval Batch: 19 / 124
Eval Batch: 20 / 124
Eval Batch: 21 / 124
Eval Batch: 22 / 124
Eval Batch: 23 / 124
Eval Batch: 24 / 124
Eval Batch: 25 / 124
Eval Batch: 26 / 124
Eval Batch: 27 / 124
Eval Batch: 28 / 124
Eval Batch: 29 / 124
Eval Batch: 30 / 124
Eval Batch: 31 / 124
Eval Batch: 32 / 124
Eval Batch: 33 / 124
Eval Batch: 34 / 124
Eval Batch: 35 / 124
Eval Batch: 36 / 124
Eval Batch: 37 / 124
Eval Batch: 38 / 124
Eval Batch: 39 / 124
Eval Batch: 40 / 124
Eval Batch: 41 / 124
Eval Batch: 42 / 124
Eval Batch: 43 / 124
Eval Batch: 44 / 124
Eval Batch: 45 / 124
Eval Batch: 46 / 124
Eval Batch: 47 / 124
Eval Batch: 48 / 124
Eval Batch: 49 / 124
Eval Batch: 50 / 124
Eval Batch: 51 / 124
Eval Batch: 52 / 124
Eval Batch: 53 / 124
Eval Batch: 54 / 124
Eval Batch: 55 / 124
Eval Batch: 56 / 124
Eval Batch: 57 / 124
Eval Batch: 58 / 124
Eval Batch: 59 / 124
Eval Batch: 60 / 124
Eval Batch: 61 / 124
Eval Batch: 62 / 124
Eval Batch: 63 / 124
Eval Batch: 64 / 124
Eval Batch: 65 / 124
Eval Batch: 66 / 124
Eval Batch: 67 / 124
Eval Batch: 68 / 124
Eval Batch: 69 / 124
Eval Batch: 70 / 124
Eval Batch: 71 / 124
Eval Batch: 72 / 124
Eval Batch: 73 / 124
Eval Batch: 74 / 124
Eval Batch: 75 / 124
Eval Batch: 76 / 124
Eval Batch: 77 / 124
Eval Batch: 78 / 124
Eval Batch: 79 / 124
Eval Batch: 80 / 124
Eval Batch: 81 / 124
Eval Batch: 82 / 124
Eval Batch: 83 / 124
Eval Batch: 84 / 124
Eval Batch: 85 / 124
Eval Batch: 86 / 124
Eval Batch: 87 / 124
Eval Batch: 88 / 124
Eval Batch: 89 / 124
Eval Batch: 90 / 124
Eval Batch: 91 / 124
Eval Batch: 92 / 124
Eval Batch: 93 / 124
Eval Batch: 94 / 124
Eval Batch: 95 / 124
Eval Batch: 96 / 124
Eval Batch: 97 / 124
Eval Batch: 98 / 124
Eval Batch: 99 / 124
Eval Batch: 100 / 124
Eval Batch: 101 / 124
Eval Batch: 102 / 124
Eval Batch: 103 / 124
Eval Batch: 104 / 124
Eval Batch: 105 / 124
Eval Batch: 106 / 124
Eval Batch: 107 / 124
Eval Batch: 108 / 124
Eval Batch: 109 / 124
Eval Batch: 110 / 124
Eval Batch: 111 / 124
Eval Batch: 112 / 124
Eval Batch: 113 / 124
Eval Batch: 114 / 124
Eval Batch: 115 / 124
Eval Batch: 116 / 124
Eval Batch: 117 / 124
Eval Batch: 118 / 124
Eval Batch: 119 / 124
Eval Batch: 120 / 124
Eval Batch: 121 / 124
Eval Batch: 122 / 124
Eval Batch: 123 / 124
General Training: Epoch 5 Train loss vp: 0.00. Train Accuracy VP: 100.00. Validation loss OBJ: 27.69. Validation Accuracy OBJ: 49.88. Validation Loss VP: 0.00. Validation Accuracy VP: 100.00. Elapsed time: 132.38ms. 

--------------------------------------------------
VP Training Phase
--------------------------------------------------
6
Training Batch: 0 / 6
Training Batch: 1 / 6
Training Batch: 2 / 6
Training Batch: 3 / 6
Training Batch: 4 / 6
Training Batch: 5 / 6
Eval Batch: 0 / 124
Eval Batch: 1 / 124
Eval Batch: 2 / 124
Eval Batch: 3 / 124
Eval Batch: 4 / 124
Eval Batch: 5 / 124
Eval Batch: 6 / 124
Eval Batch: 7 / 124
Eval Batch: 8 / 124
Eval Batch: 9 / 124
Eval Batch: 10 / 124
Eval Batch: 11 / 124
Eval Batch: 12 / 124
Eval Batch: 13 / 124
Eval Batch: 14 / 124
Eval Batch: 15 / 124
Eval Batch: 16 / 124
Eval Batch: 17 / 124
Eval Batch: 18 / 124
Eval Batch: 19 / 124
Eval Batch: 20 / 124
Eval Batch: 21 / 124
Eval Batch: 22 / 124
Eval Batch: 23 / 124
Eval Batch: 24 / 124
Eval Batch: 25 / 124
Eval Batch: 26 / 124
Eval Batch: 27 / 124
Eval Batch: 28 / 124
Eval Batch: 29 / 124
Eval Batch: 30 / 124
Eval Batch: 31 / 124
Eval Batch: 32 / 124
Eval Batch: 33 / 124
Eval Batch: 34 / 124
Eval Batch: 35 / 124
Eval Batch: 36 / 124
Eval Batch: 37 / 124
Eval Batch: 38 / 124
Eval Batch: 39 / 124
Eval Batch: 40 / 124
Eval Batch: 41 / 124
Eval Batch: 42 / 124
Eval Batch: 43 / 124
Eval Batch: 44 / 124
Eval Batch: 45 / 124
Eval Batch: 46 / 124
Eval Batch: 47 / 124
Eval Batch: 48 / 124
Eval Batch: 49 / 124
Eval Batch: 50 / 124
Eval Batch: 51 / 124
Eval Batch: 52 / 124
Eval Batch: 53 / 124
Eval Batch: 54 / 124
Eval Batch: 55 / 124
Eval Batch: 56 / 124
Eval Batch: 57 / 124
Eval Batch: 58 / 124
Eval Batch: 59 / 124
Eval Batch: 60 / 124
Eval Batch: 61 / 124
Eval Batch: 62 / 124
Eval Batch: 63 / 124
Eval Batch: 64 / 124
Eval Batch: 65 / 124
Eval Batch: 66 / 124
Eval Batch: 67 / 124
Eval Batch: 68 / 124
Eval Batch: 69 / 124
Eval Batch: 70 / 124
Eval Batch: 71 / 124
Eval Batch: 72 / 124
Eval Batch: 73 / 124
Eval Batch: 74 / 124
Eval Batch: 75 / 124
Eval Batch: 76 / 124
Eval Batch: 77 / 124
Eval Batch: 78 / 124
Eval Batch: 79 / 124
Eval Batch: 80 / 124
Eval Batch: 81 / 124
Eval Batch: 82 / 124
Eval Batch: 83 / 124
Eval Batch: 84 / 124
Eval Batch: 85 / 124
Eval Batch: 86 / 124
Eval Batch: 87 / 124
Eval Batch: 88 / 124
Eval Batch: 89 / 124
Eval Batch: 90 / 124
Eval Batch: 91 / 124
Eval Batch: 92 / 124
Eval Batch: 93 / 124
Eval Batch: 94 / 124
Eval Batch: 95 / 124
Eval Batch: 96 / 124
Eval Batch: 97 / 124
Eval Batch: 98 / 124
Eval Batch: 99 / 124
Eval Batch: 100 / 124
Eval Batch: 101 / 124
Eval Batch: 102 / 124
Eval Batch: 103 / 124
Eval Batch: 104 / 124
Eval Batch: 105 / 124
Eval Batch: 106 / 124
Eval Batch: 107 / 124
Eval Batch: 108 / 124
Eval Batch: 109 / 124
Eval Batch: 110 / 124
Eval Batch: 111 / 124
Eval Batch: 112 / 124
Eval Batch: 113 / 124
Eval Batch: 114 / 124
Eval Batch: 115 / 124
Eval Batch: 116 / 124
Eval Batch: 117 / 124
Eval Batch: 118 / 124
Eval Batch: 119 / 124
Eval Batch: 120 / 124
Eval Batch: 121 / 124
Eval Batch: 122 / 124
Eval Batch: 123 / 124
General Training: Epoch 6 Train loss vp: 0.00. Train Accuracy VP: 100.00. Validation loss OBJ: 27.74. Validation Accuracy OBJ: 49.78. Validation Loss VP: 0.00. Validation Accuracy VP: 100.00. Elapsed time: 130.56ms. 

--------------------------------------------------
VP Training Phase
--------------------------------------------------
6
Training Batch: 0 / 6
Training Batch: 1 / 6
Training Batch: 2 / 6
Training Batch: 3 / 6
Training Batch: 4 / 6
Training Batch: 5 / 6
Eval Batch: 0 / 124
Eval Batch: 1 / 124
Eval Batch: 2 / 124
Eval Batch: 3 / 124
Eval Batch: 4 / 124
Eval Batch: 5 / 124
Eval Batch: 6 / 124
Eval Batch: 7 / 124
Eval Batch: 8 / 124
Eval Batch: 9 / 124
Eval Batch: 10 / 124
Eval Batch: 11 / 124
Eval Batch: 12 / 124
Eval Batch: 13 / 124
Eval Batch: 14 / 124
Eval Batch: 15 / 124
Eval Batch: 16 / 124
Eval Batch: 17 / 124
Eval Batch: 18 / 124
Eval Batch: 19 / 124
Eval Batch: 20 / 124
Eval Batch: 21 / 124
Eval Batch: 22 / 124
Eval Batch: 23 / 124
Eval Batch: 24 / 124
Eval Batch: 25 / 124
Eval Batch: 26 / 124
Eval Batch: 27 / 124
Eval Batch: 28 / 124
Eval Batch: 29 / 124
Eval Batch: 30 / 124
Eval Batch: 31 / 124
Eval Batch: 32 / 124
Eval Batch: 33 / 124
Eval Batch: 34 / 124
Eval Batch: 35 / 124
Eval Batch: 36 / 124
Eval Batch: 37 / 124
Eval Batch: 38 / 124
Eval Batch: 39 / 124
Eval Batch: 40 / 124
Eval Batch: 41 / 124
Eval Batch: 42 / 124
Eval Batch: 43 / 124
Eval Batch: 44 / 124
Eval Batch: 45 / 124
Eval Batch: 46 / 124
Eval Batch: 47 / 124
Eval Batch: 48 / 124
Eval Batch: 49 / 124
Eval Batch: 50 / 124
Eval Batch: 51 / 124
Eval Batch: 52 / 124
Eval Batch: 53 / 124
Eval Batch: 54 / 124
Eval Batch: 55 / 124
Eval Batch: 56 / 124
Eval Batch: 57 / 124
Eval Batch: 58 / 124
Eval Batch: 59 / 124
Eval Batch: 60 / 124
Eval Batch: 61 / 124
Eval Batch: 62 / 124
Eval Batch: 63 / 124
Eval Batch: 64 / 124
Eval Batch: 65 / 124
Eval Batch: 66 / 124
Eval Batch: 67 / 124
Eval Batch: 68 / 124
Eval Batch: 69 / 124
Eval Batch: 70 / 124
Eval Batch: 71 / 124
Eval Batch: 72 / 124
Eval Batch: 73 / 124
Eval Batch: 74 / 124
Eval Batch: 75 / 124
Eval Batch: 76 / 124
Eval Batch: 77 / 124
Eval Batch: 78 / 124
Eval Batch: 79 / 124
Eval Batch: 80 / 124
Eval Batch: 81 / 124
Eval Batch: 82 / 124
Eval Batch: 83 / 124
Eval Batch: 84 / 124
Eval Batch: 85 / 124
Eval Batch: 86 / 124
Eval Batch: 87 / 124
Eval Batch: 88 / 124
Eval Batch: 89 / 124
Eval Batch: 90 / 124
Eval Batch: 91 / 124
Eval Batch: 92 / 124
Eval Batch: 93 / 124
Eval Batch: 94 / 124
Eval Batch: 95 / 124
Eval Batch: 96 / 124
Eval Batch: 97 / 124
Eval Batch: 98 / 124
Eval Batch: 99 / 124
Eval Batch: 100 / 124
Eval Batch: 101 / 124
Eval Batch: 102 / 124
Eval Batch: 103 / 124
Eval Batch: 104 / 124
Eval Batch: 105 / 124
Eval Batch: 106 / 124
Eval Batch: 107 / 124
Eval Batch: 108 / 124
Eval Batch: 109 / 124
Eval Batch: 110 / 124
Eval Batch: 111 / 124
Eval Batch: 112 / 124
Eval Batch: 113 / 124
Eval Batch: 114 / 124
Eval Batch: 115 / 124
Eval Batch: 116 / 124
Eval Batch: 117 / 124
Eval Batch: 118 / 124
Eval Batch: 119 / 124
Eval Batch: 120 / 124
Eval Batch: 121 / 124
Eval Batch: 122 / 124
Eval Batch: 123 / 124
General Training: Epoch 7 Train loss vp: 0.00. Train Accuracy VP: 100.00. Validation loss OBJ: 27.78. Validation Accuracy OBJ: 49.71. Validation Loss VP: 0.00. Validation Accuracy VP: 100.00. Elapsed time: 132.62ms. 

--------------------------------------------------
VP Training Phase
--------------------------------------------------
6
Training Batch: 0 / 6
Training Batch: 1 / 6
Training Batch: 2 / 6
Training Batch: 3 / 6
Training Batch: 4 / 6
Training Batch: 5 / 6
Eval Batch: 0 / 124
Eval Batch: 1 / 124
Eval Batch: 2 / 124
Eval Batch: 3 / 124
Eval Batch: 4 / 124
Eval Batch: 5 / 124
Eval Batch: 6 / 124
Eval Batch: 7 / 124
Eval Batch: 8 / 124
Eval Batch: 9 / 124
Eval Batch: 10 / 124
Eval Batch: 11 / 124
Eval Batch: 12 / 124
Eval Batch: 13 / 124
Eval Batch: 14 / 124
Eval Batch: 15 / 124
Eval Batch: 16 / 124
Eval Batch: 17 / 124
Eval Batch: 18 / 124
Eval Batch: 19 / 124
Eval Batch: 20 / 124
Eval Batch: 21 / 124
Eval Batch: 22 / 124
Eval Batch: 23 / 124
Eval Batch: 24 / 124
Eval Batch: 25 / 124
Eval Batch: 26 / 124
Eval Batch: 27 / 124
Eval Batch: 28 / 124
Eval Batch: 29 / 124
Eval Batch: 30 / 124
Eval Batch: 31 / 124
Eval Batch: 32 / 124
Eval Batch: 33 / 124
Eval Batch: 34 / 124
Eval Batch: 35 / 124
Eval Batch: 36 / 124
Eval Batch: 37 / 124
Eval Batch: 38 / 124
Eval Batch: 39 / 124
Eval Batch: 40 / 124
Eval Batch: 41 / 124
Eval Batch: 42 / 124
Eval Batch: 43 / 124
Eval Batch: 44 / 124
Eval Batch: 45 / 124
Eval Batch: 46 / 124
Eval Batch: 47 / 124
Eval Batch: 48 / 124
Eval Batch: 49 / 124
Eval Batch: 50 / 124
Eval Batch: 51 / 124
Eval Batch: 52 / 124
Eval Batch: 53 / 124
Eval Batch: 54 / 124
Eval Batch: 55 / 124
Eval Batch: 56 / 124
Eval Batch: 57 / 124
Eval Batch: 58 / 124
Eval Batch: 59 / 124
Eval Batch: 60 / 124
Eval Batch: 61 / 124
Eval Batch: 62 / 124
Eval Batch: 63 / 124
Eval Batch: 64 / 124
Eval Batch: 65 / 124
Eval Batch: 66 / 124
Eval Batch: 67 / 124
Eval Batch: 68 / 124
Eval Batch: 69 / 124
Eval Batch: 70 / 124
Eval Batch: 71 / 124
Eval Batch: 72 / 124
Eval Batch: 73 / 124
Eval Batch: 74 / 124
Eval Batch: 75 / 124
Eval Batch: 76 / 124
Eval Batch: 77 / 124
Eval Batch: 78 / 124
Eval Batch: 79 / 124
Eval Batch: 80 / 124
Eval Batch: 81 / 124
Eval Batch: 82 / 124
Eval Batch: 83 / 124
Eval Batch: 84 / 124
Eval Batch: 85 / 124
Eval Batch: 86 / 124
Eval Batch: 87 / 124
Eval Batch: 88 / 124
Eval Batch: 89 / 124
Eval Batch: 90 / 124
Eval Batch: 91 / 124
Eval Batch: 92 / 124
Eval Batch: 93 / 124
Eval Batch: 94 / 124
Eval Batch: 95 / 124
Eval Batch: 96 / 124
Eval Batch: 97 / 124
Eval Batch: 98 / 124
Eval Batch: 99 / 124
Eval Batch: 100 / 124
Eval Batch: 101 / 124
Eval Batch: 102 / 124
Eval Batch: 103 / 124
Eval Batch: 104 / 124
Eval Batch: 105 / 124
Eval Batch: 106 / 124
Eval Batch: 107 / 124
Eval Batch: 108 / 124
Eval Batch: 109 / 124
Eval Batch: 110 / 124
Eval Batch: 111 / 124
Eval Batch: 112 / 124
Eval Batch: 113 / 124
Eval Batch: 114 / 124
Eval Batch: 115 / 124
Eval Batch: 116 / 124
Eval Batch: 117 / 124
Eval Batch: 118 / 124
Eval Batch: 119 / 124
Eval Batch: 120 / 124
Eval Batch: 121 / 124
Eval Batch: 122 / 124
Eval Batch: 123 / 124
General Training: Epoch 8 Train loss vp: 0.00. Train Accuracy VP: 100.00. Validation loss OBJ: 27.73. Validation Accuracy OBJ: 49.78. Validation Loss VP: 0.00. Validation Accuracy VP: 100.00. Elapsed time: 129.10ms. 

--------------------------------------------------
VP Training Phase
--------------------------------------------------
6
Training Batch: 0 / 6
Training Batch: 1 / 6
Training Batch: 2 / 6
Training Batch: 3 / 6
Training Batch: 4 / 6
Training Batch: 5 / 6
Eval Batch: 0 / 124
Eval Batch: 1 / 124
Eval Batch: 2 / 124
Eval Batch: 3 / 124
Eval Batch: 4 / 124
Eval Batch: 5 / 124
Eval Batch: 6 / 124
Eval Batch: 7 / 124
Eval Batch: 8 / 124
Eval Batch: 9 / 124
Eval Batch: 10 / 124
Eval Batch: 11 / 124
Eval Batch: 12 / 124
Eval Batch: 13 / 124
Eval Batch: 14 / 124
Eval Batch: 15 / 124
Eval Batch: 16 / 124
Eval Batch: 17 / 124
Eval Batch: 18 / 124
Eval Batch: 19 / 124
Eval Batch: 20 / 124
Eval Batch: 21 / 124
Eval Batch: 22 / 124
Eval Batch: 23 / 124
Eval Batch: 24 / 124
Eval Batch: 25 / 124
Eval Batch: 26 / 124
Eval Batch: 27 / 124
Eval Batch: 28 / 124
Eval Batch: 29 / 124
Eval Batch: 30 / 124
Eval Batch: 31 / 124
Eval Batch: 32 / 124
Eval Batch: 33 / 124
Eval Batch: 34 / 124
Eval Batch: 35 / 124
Eval Batch: 36 / 124
Eval Batch: 37 / 124
Eval Batch: 38 / 124
Eval Batch: 39 / 124
Eval Batch: 40 / 124
Eval Batch: 41 / 124
Eval Batch: 42 / 124
Eval Batch: 43 / 124
Eval Batch: 44 / 124
Eval Batch: 45 / 124
Eval Batch: 46 / 124
Eval Batch: 47 / 124
Eval Batch: 48 / 124
Eval Batch: 49 / 124
Eval Batch: 50 / 124
Eval Batch: 51 / 124
Eval Batch: 52 / 124
Eval Batch: 53 / 124
Eval Batch: 54 / 124
Eval Batch: 55 / 124
Eval Batch: 56 / 124
Eval Batch: 57 / 124
Eval Batch: 58 / 124
Eval Batch: 59 / 124
Eval Batch: 60 / 124
Eval Batch: 61 / 124
Eval Batch: 62 / 124
Eval Batch: 63 / 124
Eval Batch: 64 / 124
Eval Batch: 65 / 124
Eval Batch: 66 / 124
Eval Batch: 67 / 124
Eval Batch: 68 / 124
Eval Batch: 69 / 124
Eval Batch: 70 / 124
Eval Batch: 71 / 124
Eval Batch: 72 / 124
Eval Batch: 73 / 124
Eval Batch: 74 / 124
Eval Batch: 75 / 124
Eval Batch: 76 / 124
Eval Batch: 77 / 124
Eval Batch: 78 / 124
Eval Batch: 79 / 124
Eval Batch: 80 / 124
Eval Batch: 81 / 124
Eval Batch: 82 / 124
Eval Batch: 83 / 124
Eval Batch: 84 / 124
Eval Batch: 85 / 124
Eval Batch: 86 / 124
Eval Batch: 87 / 124
Eval Batch: 88 / 124
Eval Batch: 89 / 124
Eval Batch: 90 / 124
Eval Batch: 91 / 124
Eval Batch: 92 / 124
Eval Batch: 93 / 124
Eval Batch: 94 / 124
Eval Batch: 95 / 124
Eval Batch: 96 / 124
Eval Batch: 97 / 124
Eval Batch: 98 / 124
Eval Batch: 99 / 124
Eval Batch: 100 / 124
Eval Batch: 101 / 124
Eval Batch: 102 / 124
Eval Batch: 103 / 124
Eval Batch: 104 / 124
Eval Batch: 105 / 124
Eval Batch: 106 / 124
Eval Batch: 107 / 124
Eval Batch: 108 / 124
Eval Batch: 109 / 124
Eval Batch: 110 / 124
Eval Batch: 111 / 124
Eval Batch: 112 / 124
Eval Batch: 113 / 124
Eval Batch: 114 / 124
Eval Batch: 115 / 124
Eval Batch: 116 / 124
Eval Batch: 117 / 124
Eval Batch: 118 / 124
Eval Batch: 119 / 124
Eval Batch: 120 / 124
Eval Batch: 121 / 124
Eval Batch: 122 / 124
Eval Batch: 123 / 124
General Training: Epoch 9 Train loss vp: 0.00. Train Accuracy VP: 100.00. Validation loss OBJ: 27.62. Validation Accuracy OBJ: 49.97. Validation Loss VP: 0.00. Validation Accuracy VP: 100.00. Elapsed time: 130.46ms. 

--------------------------------------------------
VP Training Phase
--------------------------------------------------
6
Training Batch: 0 / 6
Training Batch: 1 / 6
Training Batch: 2 / 6
Training Batch: 3 / 6
Training Batch: 4 / 6
Training Batch: 5 / 6
Eval Batch: 0 / 124
Eval Batch: 1 / 124
Eval Batch: 2 / 124
Eval Batch: 3 / 124
Eval Batch: 4 / 124
Eval Batch: 5 / 124
Eval Batch: 6 / 124
Eval Batch: 7 / 124
Eval Batch: 8 / 124
Eval Batch: 9 / 124
Eval Batch: 10 / 124
Eval Batch: 11 / 124
Eval Batch: 12 / 124
Eval Batch: 13 / 124
Eval Batch: 14 / 124
Eval Batch: 15 / 124
Eval Batch: 16 / 124
Eval Batch: 17 / 124
Eval Batch: 18 / 124
Eval Batch: 19 / 124
Eval Batch: 20 / 124
Eval Batch: 21 / 124
Eval Batch: 22 / 124
Eval Batch: 23 / 124
Eval Batch: 24 / 124
Eval Batch: 25 / 124
Eval Batch: 26 / 124
Eval Batch: 27 / 124
Eval Batch: 28 / 124
Eval Batch: 29 / 124
Eval Batch: 30 / 124
Eval Batch: 31 / 124
Eval Batch: 32 / 124
Eval Batch: 33 / 124
Eval Batch: 34 / 124
Eval Batch: 35 / 124
Eval Batch: 36 / 124
Eval Batch: 37 / 124
Eval Batch: 38 / 124
Eval Batch: 39 / 124
Eval Batch: 40 / 124
Eval Batch: 41 / 124
Eval Batch: 42 / 124
Eval Batch: 43 / 124
Eval Batch: 44 / 124
Eval Batch: 45 / 124
Eval Batch: 46 / 124
Eval Batch: 47 / 124
Eval Batch: 48 / 124
Eval Batch: 49 / 124
Eval Batch: 50 / 124
Eval Batch: 51 / 124
Eval Batch: 52 / 124
Eval Batch: 53 / 124
Eval Batch: 54 / 124
Eval Batch: 55 / 124
Eval Batch: 56 / 124
Eval Batch: 57 / 124
Eval Batch: 58 / 124
Eval Batch: 59 / 124
Eval Batch: 60 / 124
Eval Batch: 61 / 124
Eval Batch: 62 / 124
Eval Batch: 63 / 124
Eval Batch: 64 / 124
Eval Batch: 65 / 124
Eval Batch: 66 / 124
Eval Batch: 67 / 124
Eval Batch: 68 / 124
Eval Batch: 69 / 124
Eval Batch: 70 / 124
Eval Batch: 71 / 124
Eval Batch: 72 / 124
Eval Batch: 73 / 124
Eval Batch: 74 / 124
Eval Batch: 75 / 124
Eval Batch: 76 / 124
Eval Batch: 77 / 124
Eval Batch: 78 / 124
Eval Batch: 79 / 124
Eval Batch: 80 / 124
Eval Batch: 81 / 124
Eval Batch: 82 / 124
Eval Batch: 83 / 124
Eval Batch: 84 / 124
Eval Batch: 85 / 124
Eval Batch: 86 / 124
Eval Batch: 87 / 124
Eval Batch: 88 / 124
Eval Batch: 89 / 124
Eval Batch: 90 / 124
Eval Batch: 91 / 124
Eval Batch: 92 / 124
Eval Batch: 93 / 124
Eval Batch: 94 / 124
Eval Batch: 95 / 124
Eval Batch: 96 / 124
Eval Batch: 97 / 124
Eval Batch: 98 / 124
Eval Batch: 99 / 124
Eval Batch: 100 / 124
Eval Batch: 101 / 124
Eval Batch: 102 / 124
Eval Batch: 103 / 124
Eval Batch: 104 / 124
Eval Batch: 105 / 124
Eval Batch: 106 / 124
Eval Batch: 107 / 124
Eval Batch: 108 / 124
Eval Batch: 109 / 124
Eval Batch: 110 / 124
Eval Batch: 111 / 124
Eval Batch: 112 / 124
Eval Batch: 113 / 124
Eval Batch: 114 / 124
Eval Batch: 115 / 124
Eval Batch: 116 / 124
Eval Batch: 117 / 124
Eval Batch: 118 / 124
Eval Batch: 119 / 124
Eval Batch: 120 / 124
Eval Batch: 121 / 124
Eval Batch: 122 / 124
Eval Batch: 123 / 124
General Training: Epoch 10 Train loss vp: 0.00. Train Accuracy VP: 100.00. Validation loss OBJ: 27.55. Validation Accuracy OBJ: 50.10. Validation Loss VP: 0.00. Validation Accuracy VP: 100.00. Elapsed time: 133.32ms. 

--------------------------------------------------
VP Training Phase
--------------------------------------------------
6
Training Batch: 0 / 6
Training Batch: 1 / 6
Training Batch: 2 / 6
Training Batch: 3 / 6
Training Batch: 4 / 6
Training Batch: 5 / 6
Eval Batch: 0 / 124
Eval Batch: 1 / 124
Eval Batch: 2 / 124
Eval Batch: 3 / 124
Eval Batch: 4 / 124
Eval Batch: 5 / 124
Eval Batch: 6 / 124
Eval Batch: 7 / 124
Eval Batch: 8 / 124
Eval Batch: 9 / 124
Eval Batch: 10 / 124
Eval Batch: 11 / 124
Eval Batch: 12 / 124
Eval Batch: 13 / 124
Eval Batch: 14 / 124
Eval Batch: 15 / 124
Eval Batch: 16 / 124
Eval Batch: 17 / 124
Eval Batch: 18 / 124
Eval Batch: 19 / 124
Eval Batch: 20 / 124
Eval Batch: 21 / 124
Eval Batch: 22 / 124
Eval Batch: 23 / 124
Eval Batch: 24 / 124
Eval Batch: 25 / 124
Eval Batch: 26 / 124
Eval Batch: 27 / 124
Eval Batch: 28 / 124
Eval Batch: 29 / 124
Eval Batch: 30 / 124
Eval Batch: 31 / 124
Eval Batch: 32 / 124
Eval Batch: 33 / 124
Eval Batch: 34 / 124
Eval Batch: 35 / 124
Eval Batch: 36 / 124
Eval Batch: 37 / 124
Eval Batch: 38 / 124
Eval Batch: 39 / 124
Eval Batch: 40 / 124
Eval Batch: 41 / 124
Eval Batch: 42 / 124
Eval Batch: 43 / 124
Eval Batch: 44 / 124
Eval Batch: 45 / 124
Eval Batch: 46 / 124
Eval Batch: 47 / 124
Eval Batch: 48 / 124
Eval Batch: 49 / 124
Eval Batch: 50 / 124
Eval Batch: 51 / 124
Eval Batch: 52 / 124
Eval Batch: 53 / 124
Eval Batch: 54 / 124
Eval Batch: 55 / 124
Eval Batch: 56 / 124
Eval Batch: 57 / 124
Eval Batch: 58 / 124
Eval Batch: 59 / 124
Eval Batch: 60 / 124
Eval Batch: 61 / 124
Eval Batch: 62 / 124
Eval Batch: 63 / 124
Eval Batch: 64 / 124
Eval Batch: 65 / 124
Eval Batch: 66 / 124
Eval Batch: 67 / 124
Eval Batch: 68 / 124
Eval Batch: 69 / 124
Eval Batch: 70 / 124
Eval Batch: 71 / 124
Eval Batch: 72 / 124
Eval Batch: 73 / 124
Eval Batch: 74 / 124
Eval Batch: 75 / 124
Eval Batch: 76 / 124
Eval Batch: 77 / 124
Eval Batch: 78 / 124
Eval Batch: 79 / 124
Eval Batch: 80 / 124
Eval Batch: 81 / 124
Eval Batch: 82 / 124
Eval Batch: 83 / 124
Eval Batch: 84 / 124
Eval Batch: 85 / 124
Eval Batch: 86 / 124
Eval Batch: 87 / 124
Eval Batch: 88 / 124
Eval Batch: 89 / 124
Eval Batch: 90 / 124
Eval Batch: 91 / 124
Eval Batch: 92 / 124
Eval Batch: 93 / 124
Eval Batch: 94 / 124
Eval Batch: 95 / 124
Eval Batch: 96 / 124
Eval Batch: 97 / 124
Eval Batch: 98 / 124
Eval Batch: 99 / 124
Eval Batch: 100 / 124
Eval Batch: 101 / 124
Eval Batch: 102 / 124
Eval Batch: 103 / 124
Eval Batch: 104 / 124
Eval Batch: 105 / 124
Eval Batch: 106 / 124
Eval Batch: 107 / 124
Eval Batch: 108 / 124
Eval Batch: 109 / 124
Eval Batch: 110 / 124
Eval Batch: 111 / 124
Eval Batch: 112 / 124
Eval Batch: 113 / 124
Eval Batch: 114 / 124
Eval Batch: 115 / 124
Eval Batch: 116 / 124
Eval Batch: 117 / 124
Eval Batch: 118 / 124
Eval Batch: 119 / 124
Eval Batch: 120 / 124
Eval Batch: 121 / 124
Eval Batch: 122 / 124
Eval Batch: 123 / 124
General Training: Epoch 11 Train loss vp: 0.00. Train Accuracy VP: 100.00. Validation loss OBJ: 27.53. Validation Accuracy OBJ: 50.15. Validation Loss VP: 0.00. Validation Accuracy VP: 100.00. Elapsed time: 132.73ms. 

--------------------------------------------------
VP Training Phase
--------------------------------------------------
6
Training Batch: 0 / 6
Training Batch: 1 / 6
Training Batch: 2 / 6
Training Batch: 3 / 6
Training Batch: 4 / 6
Training Batch: 5 / 6
Eval Batch: 0 / 124
Eval Batch: 1 / 124
Eval Batch: 2 / 124
Eval Batch: 3 / 124
Eval Batch: 4 / 124
Eval Batch: 5 / 124
Eval Batch: 6 / 124
Eval Batch: 7 / 124
Eval Batch: 8 / 124
Eval Batch: 9 / 124
Eval Batch: 10 / 124
Eval Batch: 11 / 124
Eval Batch: 12 / 124
Eval Batch: 13 / 124
Eval Batch: 14 / 124
Eval Batch: 15 / 124
Eval Batch: 16 / 124
Eval Batch: 17 / 124
Eval Batch: 18 / 124
Eval Batch: 19 / 124
Eval Batch: 20 / 124
Eval Batch: 21 / 124
Eval Batch: 22 / 124
Eval Batch: 23 / 124
Eval Batch: 24 / 124
Eval Batch: 25 / 124
Eval Batch: 26 / 124
Eval Batch: 27 / 124
Eval Batch: 28 / 124
Eval Batch: 29 / 124
Eval Batch: 30 / 124
Eval Batch: 31 / 124
Eval Batch: 32 / 124
Eval Batch: 33 / 124
Eval Batch: 34 / 124
Eval Batch: 35 / 124
Eval Batch: 36 / 124
Eval Batch: 37 / 124
Eval Batch: 38 / 124
Eval Batch: 39 / 124
Eval Batch: 40 / 124
Eval Batch: 41 / 124
Eval Batch: 42 / 124
Eval Batch: 43 / 124
Eval Batch: 44 / 124
Eval Batch: 45 / 124
Eval Batch: 46 / 124
Eval Batch: 47 / 124
Eval Batch: 48 / 124
Eval Batch: 49 / 124
Eval Batch: 50 / 124
Eval Batch: 51 / 124
Eval Batch: 52 / 124
Eval Batch: 53 / 124
Eval Batch: 54 / 124
Eval Batch: 55 / 124
Eval Batch: 56 / 124
Eval Batch: 57 / 124
Eval Batch: 58 / 124
Eval Batch: 59 / 124
Eval Batch: 60 / 124
Eval Batch: 61 / 124
Eval Batch: 62 / 124
Eval Batch: 63 / 124
Eval Batch: 64 / 124
Eval Batch: 65 / 124
Eval Batch: 66 / 124
Eval Batch: 67 / 124
Eval Batch: 68 / 124
Eval Batch: 69 / 124
Eval Batch: 70 / 124
Eval Batch: 71 / 124
Eval Batch: 72 / 124
Eval Batch: 73 / 124
Eval Batch: 74 / 124
Eval Batch: 75 / 124
Eval Batch: 76 / 124
Eval Batch: 77 / 124
Eval Batch: 78 / 124
Eval Batch: 79 / 124
Eval Batch: 80 / 124
Eval Batch: 81 / 124
Eval Batch: 82 / 124
Eval Batch: 83 / 124
Eval Batch: 84 / 124
Eval Batch: 85 / 124
Eval Batch: 86 / 124
Eval Batch: 87 / 124
Eval Batch: 88 / 124
Eval Batch: 89 / 124
Eval Batch: 90 / 124
Eval Batch: 91 / 124
Eval Batch: 92 / 124
Eval Batch: 93 / 124
Eval Batch: 94 / 124
Eval Batch: 95 / 124
Eval Batch: 96 / 124
Eval Batch: 97 / 124
Eval Batch: 98 / 124
Eval Batch: 99 / 124
Eval Batch: 100 / 124
Eval Batch: 101 / 124
Eval Batch: 102 / 124
Eval Batch: 103 / 124
Eval Batch: 104 / 124
Eval Batch: 105 / 124
Eval Batch: 106 / 124
Eval Batch: 107 / 124
Eval Batch: 108 / 124
Eval Batch: 109 / 124
Eval Batch: 110 / 124
Eval Batch: 111 / 124
Eval Batch: 112 / 124
Eval Batch: 113 / 124
Eval Batch: 114 / 124
Eval Batch: 115 / 124
Eval Batch: 116 / 124
Eval Batch: 117 / 124
Eval Batch: 118 / 124
Eval Batch: 119 / 124
Eval Batch: 120 / 124
Eval Batch: 121 / 124
Eval Batch: 122 / 124
Eval Batch: 123 / 124
General Training: Epoch 12 Train loss vp: 0.00. Train Accuracy VP: 100.00. Validation loss OBJ: 27.52. Validation Accuracy OBJ: 50.16. Validation Loss VP: 0.00. Validation Accuracy VP: 100.00. Elapsed time: 134.45ms. 

--------------------------------------------------
VP Training Phase
--------------------------------------------------
6
Training Batch: 0 / 6
Training Batch: 1 / 6
Training Batch: 2 / 6
Training Batch: 3 / 6
Training Batch: 4 / 6
Training Batch: 5 / 6
Eval Batch: 0 / 124
Eval Batch: 1 / 124
Eval Batch: 2 / 124
Eval Batch: 3 / 124
Eval Batch: 4 / 124
Eval Batch: 5 / 124
Eval Batch: 6 / 124
Eval Batch: 7 / 124
Eval Batch: 8 / 124
Eval Batch: 9 / 124
Eval Batch: 10 / 124
Eval Batch: 11 / 124
Eval Batch: 12 / 124
Eval Batch: 13 / 124
Eval Batch: 14 / 124
Eval Batch: 15 / 124
Eval Batch: 16 / 124
Eval Batch: 17 / 124
Eval Batch: 18 / 124
Eval Batch: 19 / 124
Eval Batch: 20 / 124
Eval Batch: 21 / 124
Eval Batch: 22 / 124
Eval Batch: 23 / 124
Eval Batch: 24 / 124
Eval Batch: 25 / 124
Eval Batch: 26 / 124
Eval Batch: 27 / 124
Eval Batch: 28 / 124
Eval Batch: 29 / 124
Eval Batch: 30 / 124
Eval Batch: 31 / 124
Eval Batch: 32 / 124
Eval Batch: 33 / 124
Eval Batch: 34 / 124
Eval Batch: 35 / 124
Eval Batch: 36 / 124
Eval Batch: 37 / 124
Eval Batch: 38 / 124
Eval Batch: 39 / 124
Eval Batch: 40 / 124
Eval Batch: 41 / 124
Eval Batch: 42 / 124
Eval Batch: 43 / 124
Eval Batch: 44 / 124
Eval Batch: 45 / 124
Eval Batch: 46 / 124
Eval Batch: 47 / 124
Eval Batch: 48 / 124
Eval Batch: 49 / 124
Eval Batch: 50 / 124
Eval Batch: 51 / 124
Eval Batch: 52 / 124
Eval Batch: 53 / 124
Eval Batch: 54 / 124
Eval Batch: 55 / 124
Eval Batch: 56 / 124
Eval Batch: 57 / 124
Eval Batch: 58 / 124
Eval Batch: 59 / 124
Eval Batch: 60 / 124
Eval Batch: 61 / 124
Eval Batch: 62 / 124
Eval Batch: 63 / 124
Eval Batch: 64 / 124
Eval Batch: 65 / 124
Eval Batch: 66 / 124
Eval Batch: 67 / 124
Eval Batch: 68 / 124
Eval Batch: 69 / 124
Eval Batch: 70 / 124
Eval Batch: 71 / 124
Eval Batch: 72 / 124
Eval Batch: 73 / 124
Eval Batch: 74 / 124
Eval Batch: 75 / 124
Eval Batch: 76 / 124
Eval Batch: 77 / 124
Eval Batch: 78 / 124
Eval Batch: 79 / 124
Eval Batch: 80 / 124
Eval Batch: 81 / 124
Eval Batch: 82 / 124
Eval Batch: 83 / 124
Eval Batch: 84 / 124
Eval Batch: 85 / 124
Eval Batch: 86 / 124
Eval Batch: 87 / 124
Eval Batch: 88 / 124
Eval Batch: 89 / 124
Eval Batch: 90 / 124
Eval Batch: 91 / 124
Eval Batch: 92 / 124
Eval Batch: 93 / 124
Eval Batch: 94 / 124
Eval Batch: 95 / 124
Eval Batch: 96 / 124
Eval Batch: 97 / 124
Eval Batch: 98 / 124
Eval Batch: 99 / 124
Eval Batch: 100 / 124
Eval Batch: 101 / 124
Eval Batch: 102 / 124
Eval Batch: 103 / 124
Eval Batch: 104 / 124
Eval Batch: 105 / 124
Eval Batch: 106 / 124
Eval Batch: 107 / 124
Eval Batch: 108 / 124
Eval Batch: 109 / 124
Eval Batch: 110 / 124
Eval Batch: 111 / 124
Eval Batch: 112 / 124
Eval Batch: 113 / 124
Eval Batch: 114 / 124
Eval Batch: 115 / 124
Eval Batch: 116 / 124
Eval Batch: 117 / 124
Eval Batch: 118 / 124
Eval Batch: 119 / 124
Eval Batch: 120 / 124
Eval Batch: 121 / 124
Eval Batch: 122 / 124
Eval Batch: 123 / 124
General Training: Epoch 13 Train loss vp: 0.00. Train Accuracy VP: 100.00. Validation loss OBJ: 27.52. Validation Accuracy OBJ: 50.17. Validation Loss VP: 0.00. Validation Accuracy VP: 100.00. Elapsed time: 131.66ms. 

--------------------------------------------------
VP Training Phase
--------------------------------------------------
6
Training Batch: 0 / 6
Training Batch: 1 / 6
Training Batch: 2 / 6
Training Batch: 3 / 6
Training Batch: 4 / 6
Training Batch: 5 / 6
Eval Batch: 0 / 124
Eval Batch: 1 / 124
Eval Batch: 2 / 124
Eval Batch: 3 / 124
Eval Batch: 4 / 124
Eval Batch: 5 / 124
Eval Batch: 6 / 124
Eval Batch: 7 / 124
Eval Batch: 8 / 124
Eval Batch: 9 / 124
Eval Batch: 10 / 124
Eval Batch: 11 / 124
Eval Batch: 12 / 124
Eval Batch: 13 / 124
Eval Batch: 14 / 124
Eval Batch: 15 / 124
Eval Batch: 16 / 124
Eval Batch: 17 / 124
Eval Batch: 18 / 124
Eval Batch: 19 / 124
Eval Batch: 20 / 124
Eval Batch: 21 / 124
Eval Batch: 22 / 124
Eval Batch: 23 / 124
Eval Batch: 24 / 124
Eval Batch: 25 / 124
Eval Batch: 26 / 124
Eval Batch: 27 / 124
Eval Batch: 28 / 124
Eval Batch: 29 / 124
Eval Batch: 30 / 124
Eval Batch: 31 / 124
Eval Batch: 32 / 124
Eval Batch: 33 / 124
Eval Batch: 34 / 124
Eval Batch: 35 / 124
Eval Batch: 36 / 124
Eval Batch: 37 / 124
Eval Batch: 38 / 124
Eval Batch: 39 / 124
Eval Batch: 40 / 124
Eval Batch: 41 / 124
Eval Batch: 42 / 124
Eval Batch: 43 / 124
Eval Batch: 44 / 124
Eval Batch: 45 / 124
Eval Batch: 46 / 124
Eval Batch: 47 / 124
Eval Batch: 48 / 124
Eval Batch: 49 / 124
Eval Batch: 50 / 124
Eval Batch: 51 / 124
Eval Batch: 52 / 124
Eval Batch: 53 / 124
Eval Batch: 54 / 124
Eval Batch: 55 / 124
Eval Batch: 56 / 124
Eval Batch: 57 / 124
Eval Batch: 58 / 124
Eval Batch: 59 / 124
Eval Batch: 60 / 124
Eval Batch: 61 / 124
Eval Batch: 62 / 124
Eval Batch: 63 / 124
Eval Batch: 64 / 124
Eval Batch: 65 / 124
Eval Batch: 66 / 124
Eval Batch: 67 / 124
Eval Batch: 68 / 124
Eval Batch: 69 / 124
Eval Batch: 70 / 124
Eval Batch: 71 / 124
Eval Batch: 72 / 124
Eval Batch: 73 / 124
Eval Batch: 74 / 124
Eval Batch: 75 / 124
Eval Batch: 76 / 124
Eval Batch: 77 / 124
Eval Batch: 78 / 124
Eval Batch: 79 / 124
Eval Batch: 80 / 124
Eval Batch: 81 / 124
Eval Batch: 82 / 124
Eval Batch: 83 / 124
Eval Batch: 84 / 124
Eval Batch: 85 / 124
Eval Batch: 86 / 124
Eval Batch: 87 / 124
Eval Batch: 88 / 124
Eval Batch: 89 / 124
Eval Batch: 90 / 124
Eval Batch: 91 / 124
Eval Batch: 92 / 124
Eval Batch: 93 / 124
Eval Batch: 94 / 124
Eval Batch: 95 / 124
Eval Batch: 96 / 124
Eval Batch: 97 / 124
Eval Batch: 98 / 124
Eval Batch: 99 / 124
Eval Batch: 100 / 124
Eval Batch: 101 / 124
Eval Batch: 102 / 124
Eval Batch: 103 / 124
Eval Batch: 104 / 124
Eval Batch: 105 / 124
Eval Batch: 106 / 124
Eval Batch: 107 / 124
Eval Batch: 108 / 124
Eval Batch: 109 / 124
Eval Batch: 110 / 124
Eval Batch: 111 / 124
Eval Batch: 112 / 124
Eval Batch: 113 / 124
Eval Batch: 114 / 124
Eval Batch: 115 / 124
Eval Batch: 116 / 124
Eval Batch: 117 / 124
Eval Batch: 118 / 124
Eval Batch: 119 / 124
Eval Batch: 120 / 124
Eval Batch: 121 / 124
Eval Batch: 122 / 124
Eval Batch: 123 / 124
General Training: Epoch 14 Train loss vp: 0.00. Train Accuracy VP: 100.00. Validation loss OBJ: 27.52. Validation Accuracy OBJ: 50.17. Validation Loss VP: 0.00. Validation Accuracy VP: 100.00. Elapsed time: 130.01ms. 

--------------------------------------------------
VP Training Phase
--------------------------------------------------
6
Training Batch: 0 / 6
Training Batch: 1 / 6
Training Batch: 2 / 6
Training Batch: 3 / 6
Training Batch: 4 / 6
Training Batch: 5 / 6
Eval Batch: 0 / 124
Eval Batch: 1 / 124
Eval Batch: 2 / 124
Eval Batch: 3 / 124
Eval Batch: 4 / 124
Eval Batch: 5 / 124
Eval Batch: 6 / 124
Eval Batch: 7 / 124
Eval Batch: 8 / 124
Eval Batch: 9 / 124
Eval Batch: 10 / 124
Eval Batch: 11 / 124
Eval Batch: 12 / 124
Eval Batch: 13 / 124
Eval Batch: 14 / 124
Eval Batch: 15 / 124
Eval Batch: 16 / 124
Eval Batch: 17 / 124
Eval Batch: 18 / 124
Eval Batch: 19 / 124
Eval Batch: 20 / 124
Eval Batch: 21 / 124
Eval Batch: 22 / 124
Eval Batch: 23 / 124
Eval Batch: 24 / 124
Eval Batch: 25 / 124
Eval Batch: 26 / 124
Eval Batch: 27 / 124
Eval Batch: 28 / 124
Eval Batch: 29 / 124
Eval Batch: 30 / 124
Eval Batch: 31 / 124
Eval Batch: 32 / 124
Eval Batch: 33 / 124
Eval Batch: 34 / 124
Eval Batch: 35 / 124
Eval Batch: 36 / 124
Eval Batch: 37 / 124
Eval Batch: 38 / 124
Eval Batch: 39 / 124
Eval Batch: 40 / 124
Eval Batch: 41 / 124
Eval Batch: 42 / 124
Eval Batch: 43 / 124
Eval Batch: 44 / 124
Eval Batch: 45 / 124
Eval Batch: 46 / 124
Eval Batch: 47 / 124
Eval Batch: 48 / 124
Eval Batch: 49 / 124
Eval Batch: 50 / 124
Eval Batch: 51 / 124
Eval Batch: 52 / 124
Eval Batch: 53 / 124
Eval Batch: 54 / 124
Eval Batch: 55 / 124
Eval Batch: 56 / 124
Eval Batch: 57 / 124
Eval Batch: 58 / 124
Eval Batch: 59 / 124
Eval Batch: 60 / 124
Eval Batch: 61 / 124
Eval Batch: 62 / 124
Eval Batch: 63 / 124
Eval Batch: 64 / 124
Eval Batch: 65 / 124
Eval Batch: 66 / 124
Eval Batch: 67 / 124
Eval Batch: 68 / 124
Eval Batch: 69 / 124
Eval Batch: 70 / 124
Eval Batch: 71 / 124
Eval Batch: 72 / 124
Eval Batch: 73 / 124
Eval Batch: 74 / 124
Eval Batch: 75 / 124
Eval Batch: 76 / 124
Eval Batch: 77 / 124
Eval Batch: 78 / 124
Eval Batch: 79 / 124
Eval Batch: 80 / 124
Eval Batch: 81 / 124
Eval Batch: 82 / 124
Eval Batch: 83 / 124
Eval Batch: 84 / 124
Eval Batch: 85 / 124
Eval Batch: 86 / 124
Eval Batch: 87 / 124
Eval Batch: 88 / 124
Eval Batch: 89 / 124
Eval Batch: 90 / 124
Eval Batch: 91 / 124
Eval Batch: 92 / 124
Eval Batch: 93 / 124
Eval Batch: 94 / 124
Eval Batch: 95 / 124
Eval Batch: 96 / 124
Eval Batch: 97 / 124
Eval Batch: 98 / 124
Eval Batch: 99 / 124
Eval Batch: 100 / 124
Eval Batch: 101 / 124
Eval Batch: 102 / 124
Eval Batch: 103 / 124
Eval Batch: 104 / 124
Eval Batch: 105 / 124
Eval Batch: 106 / 124
Eval Batch: 107 / 124
Eval Batch: 108 / 124
Eval Batch: 109 / 124
Eval Batch: 110 / 124
Eval Batch: 111 / 124
Eval Batch: 112 / 124
Eval Batch: 113 / 124
Eval Batch: 114 / 124
Eval Batch: 115 / 124
Eval Batch: 116 / 124
Eval Batch: 117 / 124
Eval Batch: 118 / 124
Eval Batch: 119 / 124
Eval Batch: 120 / 124
Eval Batch: 121 / 124
Eval Batch: 122 / 124
Eval Batch: 123 / 124
General Training: Epoch 15 Train loss vp: 0.00. Train Accuracy VP: 100.00. Validation loss OBJ: 27.52. Validation Accuracy OBJ: 50.18. Validation Loss VP: 0.00. Validation Accuracy VP: 100.00. Elapsed time: 131.42ms. 

--------------------------------------------------
VP Training Phase
--------------------------------------------------
6
Training Batch: 0 / 6
Training Batch: 1 / 6
Training Batch: 2 / 6
Training Batch: 3 / 6
Training Batch: 4 / 6
Training Batch: 5 / 6
Eval Batch: 0 / 124
Eval Batch: 1 / 124
Eval Batch: 2 / 124
Eval Batch: 3 / 124
Eval Batch: 4 / 124
Eval Batch: 5 / 124
Eval Batch: 6 / 124
Eval Batch: 7 / 124
Eval Batch: 8 / 124
Eval Batch: 9 / 124
Eval Batch: 10 / 124
Eval Batch: 11 / 124
Eval Batch: 12 / 124
Eval Batch: 13 / 124
Eval Batch: 14 / 124
Eval Batch: 15 / 124
Eval Batch: 16 / 124
Eval Batch: 17 / 124
Eval Batch: 18 / 124
Eval Batch: 19 / 124
Eval Batch: 20 / 124
Eval Batch: 21 / 124
Eval Batch: 22 / 124
Eval Batch: 23 / 124
Eval Batch: 24 / 124
Eval Batch: 25 / 124
Eval Batch: 26 / 124
Eval Batch: 27 / 124
Eval Batch: 28 / 124
Eval Batch: 29 / 124
Eval Batch: 30 / 124
Eval Batch: 31 / 124
Eval Batch: 32 / 124
Eval Batch: 33 / 124
Eval Batch: 34 / 124
Eval Batch: 35 / 124
Eval Batch: 36 / 124
Eval Batch: 37 / 124
Eval Batch: 38 / 124
Eval Batch: 39 / 124
Eval Batch: 40 / 124
Eval Batch: 41 / 124
Eval Batch: 42 / 124
Eval Batch: 43 / 124
Eval Batch: 44 / 124
Eval Batch: 45 / 124
Eval Batch: 46 / 124
Eval Batch: 47 / 124
Eval Batch: 48 / 124
Eval Batch: 49 / 124
Eval Batch: 50 / 124
Eval Batch: 51 / 124
Eval Batch: 52 / 124
Eval Batch: 53 / 124
Eval Batch: 54 / 124
Eval Batch: 55 / 124
Eval Batch: 56 / 124
Eval Batch: 57 / 124
Eval Batch: 58 / 124
Eval Batch: 59 / 124
Eval Batch: 60 / 124
Eval Batch: 61 / 124
Eval Batch: 62 / 124
Eval Batch: 63 / 124
Eval Batch: 64 / 124
Eval Batch: 65 / 124
Eval Batch: 66 / 124
Eval Batch: 67 / 124
Eval Batch: 68 / 124
Eval Batch: 69 / 124
Eval Batch: 70 / 124
Eval Batch: 71 / 124
Eval Batch: 72 / 124
Eval Batch: 73 / 124
Eval Batch: 74 / 124
Eval Batch: 75 / 124
Eval Batch: 76 / 124
Eval Batch: 77 / 124
Eval Batch: 78 / 124
Eval Batch: 79 / 124
Eval Batch: 80 / 124
Eval Batch: 81 / 124
Eval Batch: 82 / 124
Eval Batch: 83 / 124
Eval Batch: 84 / 124
Eval Batch: 85 / 124
Eval Batch: 86 / 124
Eval Batch: 87 / 124
Eval Batch: 88 / 124
Eval Batch: 89 / 124
Eval Batch: 90 / 124
Eval Batch: 91 / 124
Eval Batch: 92 / 124
Eval Batch: 93 / 124
Eval Batch: 94 / 124
Eval Batch: 95 / 124
Eval Batch: 96 / 124
Eval Batch: 97 / 124
Eval Batch: 98 / 124
Eval Batch: 99 / 124
Eval Batch: 100 / 124
Eval Batch: 101 / 124
Eval Batch: 102 / 124
Eval Batch: 103 / 124
Eval Batch: 104 / 124
Eval Batch: 105 / 124
Eval Batch: 106 / 124
Eval Batch: 107 / 124
Eval Batch: 108 / 124
Eval Batch: 109 / 124
Eval Batch: 110 / 124
Eval Batch: 111 / 124
Eval Batch: 112 / 124
Eval Batch: 113 / 124
Eval Batch: 114 / 124
Eval Batch: 115 / 124
Eval Batch: 116 / 124
Eval Batch: 117 / 124
Eval Batch: 118 / 124
Eval Batch: 119 / 124
Eval Batch: 120 / 124
Eval Batch: 121 / 124
Eval Batch: 122 / 124
Eval Batch: 123 / 124
General Training: Epoch 16 Train loss vp: 0.00. Train Accuracy VP: 100.00. Validation loss OBJ: 27.52. Validation Accuracy OBJ: 50.18. Validation Loss VP: 0.00. Validation Accuracy VP: 100.00. Elapsed time: 130.77ms. 

--------------------------------------------------
VP Training Phase
--------------------------------------------------
6
Training Batch: 0 / 6
Training Batch: 1 / 6
Training Batch: 2 / 6
Training Batch: 3 / 6
Training Batch: 4 / 6
Training Batch: 5 / 6
Eval Batch: 0 / 124
Eval Batch: 1 / 124
Eval Batch: 2 / 124
Eval Batch: 3 / 124
Eval Batch: 4 / 124
Eval Batch: 5 / 124
Eval Batch: 6 / 124
Eval Batch: 7 / 124
Eval Batch: 8 / 124
Eval Batch: 9 / 124
Eval Batch: 10 / 124
Eval Batch: 11 / 124
Eval Batch: 12 / 124
Eval Batch: 13 / 124
Eval Batch: 14 / 124
Eval Batch: 15 / 124
Eval Batch: 16 / 124
Eval Batch: 17 / 124
Eval Batch: 18 / 124
Eval Batch: 19 / 124
Eval Batch: 20 / 124
Eval Batch: 21 / 124
Eval Batch: 22 / 124
Eval Batch: 23 / 124
Eval Batch: 24 / 124
Eval Batch: 25 / 124
Eval Batch: 26 / 124
Eval Batch: 27 / 124
Eval Batch: 28 / 124
Eval Batch: 29 / 124
Eval Batch: 30 / 124
Eval Batch: 31 / 124
Eval Batch: 32 / 124
Eval Batch: 33 / 124
Eval Batch: 34 / 124
Eval Batch: 35 / 124
Eval Batch: 36 / 124
Eval Batch: 37 / 124
Eval Batch: 38 / 124
Eval Batch: 39 / 124
Eval Batch: 40 / 124
Eval Batch: 41 / 124
Eval Batch: 42 / 124
Eval Batch: 43 / 124
Eval Batch: 44 / 124
Eval Batch: 45 / 124
Eval Batch: 46 / 124
Eval Batch: 47 / 124
Eval Batch: 48 / 124
Eval Batch: 49 / 124
Eval Batch: 50 / 124
Eval Batch: 51 / 124
Eval Batch: 52 / 124
Eval Batch: 53 / 124
Eval Batch: 54 / 124
Eval Batch: 55 / 124
Eval Batch: 56 / 124
Eval Batch: 57 / 124
Eval Batch: 58 / 124
Eval Batch: 59 / 124
Eval Batch: 60 / 124
Eval Batch: 61 / 124
Eval Batch: 62 / 124
Eval Batch: 63 / 124
Eval Batch: 64 / 124
Eval Batch: 65 / 124
Eval Batch: 66 / 124
Eval Batch: 67 / 124
Eval Batch: 68 / 124
Eval Batch: 69 / 124
Eval Batch: 70 / 124
Eval Batch: 71 / 124
Eval Batch: 72 / 124
Eval Batch: 73 / 124
Eval Batch: 74 / 124
Eval Batch: 75 / 124
Eval Batch: 76 / 124
Eval Batch: 77 / 124
Eval Batch: 78 / 124
Eval Batch: 79 / 124
Eval Batch: 80 / 124
Eval Batch: 81 / 124
Eval Batch: 82 / 124
Eval Batch: 83 / 124
Eval Batch: 84 / 124
Eval Batch: 85 / 124
Eval Batch: 86 / 124
Eval Batch: 87 / 124
Eval Batch: 88 / 124
Eval Batch: 89 / 124
Eval Batch: 90 / 124
Eval Batch: 91 / 124
Eval Batch: 92 / 124
Eval Batch: 93 / 124
Eval Batch: 94 / 124
Eval Batch: 95 / 124
Eval Batch: 96 / 124
Eval Batch: 97 / 124
Eval Batch: 98 / 124
Eval Batch: 99 / 124
Eval Batch: 100 / 124
Eval Batch: 101 / 124
Eval Batch: 102 / 124
Eval Batch: 103 / 124
Eval Batch: 104 / 124
Eval Batch: 105 / 124
Eval Batch: 106 / 124
Eval Batch: 107 / 124
Eval Batch: 108 / 124
Eval Batch: 109 / 124
Eval Batch: 110 / 124
Eval Batch: 111 / 124
Eval Batch: 112 / 124
Eval Batch: 113 / 124
Eval Batch: 114 / 124
Eval Batch: 115 / 124
Eval Batch: 116 / 124
Eval Batch: 117 / 124
Eval Batch: 118 / 124
Eval Batch: 119 / 124
Eval Batch: 120 / 124
Eval Batch: 121 / 124
Eval Batch: 122 / 124
Eval Batch: 123 / 124
General Training: Epoch 17 Train loss vp: 0.00. Train Accuracy VP: 100.00. Validation loss OBJ: 27.52. Validation Accuracy OBJ: 50.18. Validation Loss VP: 0.00. Validation Accuracy VP: 100.00. Elapsed time: 132.02ms. 

--------------------------------------------------
VP Training Phase
--------------------------------------------------
6
Training Batch: 0 / 6
Training Batch: 1 / 6
Training Batch: 2 / 6
Training Batch: 3 / 6
Training Batch: 4 / 6
Training Batch: 5 / 6
Eval Batch: 0 / 124
Eval Batch: 1 / 124
Eval Batch: 2 / 124
Eval Batch: 3 / 124
Eval Batch: 4 / 124
Eval Batch: 5 / 124
Eval Batch: 6 / 124
Eval Batch: 7 / 124
Eval Batch: 8 / 124
Eval Batch: 9 / 124
Eval Batch: 10 / 124
Eval Batch: 11 / 124
Eval Batch: 12 / 124
Eval Batch: 13 / 124
Eval Batch: 14 / 124
Eval Batch: 15 / 124
Eval Batch: 16 / 124
Eval Batch: 17 / 124
Eval Batch: 18 / 124
Eval Batch: 19 / 124
Eval Batch: 20 / 124
Eval Batch: 21 / 124
Eval Batch: 22 / 124
Eval Batch: 23 / 124
Eval Batch: 24 / 124
Eval Batch: 25 / 124
Eval Batch: 26 / 124
Eval Batch: 27 / 124
Eval Batch: 28 / 124
Eval Batch: 29 / 124
Eval Batch: 30 / 124
Eval Batch: 31 / 124
Eval Batch: 32 / 124
Eval Batch: 33 / 124
Eval Batch: 34 / 124
Eval Batch: 35 / 124
Eval Batch: 36 / 124
Eval Batch: 37 / 124
Eval Batch: 38 / 124
Eval Batch: 39 / 124
Eval Batch: 40 / 124
Eval Batch: 41 / 124
Eval Batch: 42 / 124
Eval Batch: 43 / 124
Eval Batch: 44 / 124
Eval Batch: 45 / 124
Eval Batch: 46 / 124
Eval Batch: 47 / 124
Eval Batch: 48 / 124
Eval Batch: 49 / 124
Eval Batch: 50 / 124
Eval Batch: 51 / 124
Eval Batch: 52 / 124
Eval Batch: 53 / 124
Eval Batch: 54 / 124
Eval Batch: 55 / 124
Eval Batch: 56 / 124
Eval Batch: 57 / 124
Eval Batch: 58 / 124
Eval Batch: 59 / 124
Eval Batch: 60 / 124
Eval Batch: 61 / 124
Eval Batch: 62 / 124
Eval Batch: 63 / 124
Eval Batch: 64 / 124
Eval Batch: 65 / 124
Eval Batch: 66 / 124
Eval Batch: 67 / 124
Eval Batch: 68 / 124
Eval Batch: 69 / 124
Eval Batch: 70 / 124
Eval Batch: 71 / 124
Eval Batch: 72 / 124
Eval Batch: 73 / 124
Eval Batch: 74 / 124
Eval Batch: 75 / 124
Eval Batch: 76 / 124
Eval Batch: 77 / 124
Eval Batch: 78 / 124
Eval Batch: 79 / 124
Eval Batch: 80 / 124
Eval Batch: 81 / 124
Eval Batch: 82 / 124
Eval Batch: 83 / 124
Eval Batch: 84 / 124
Eval Batch: 85 / 124
Eval Batch: 86 / 124
Eval Batch: 87 / 124
Eval Batch: 88 / 124
Eval Batch: 89 / 124
Eval Batch: 90 / 124
Eval Batch: 91 / 124
Eval Batch: 92 / 124
Eval Batch: 93 / 124
Eval Batch: 94 / 124
Eval Batch: 95 / 124
Eval Batch: 96 / 124
Eval Batch: 97 / 124
Eval Batch: 98 / 124
Eval Batch: 99 / 124
Eval Batch: 100 / 124
Eval Batch: 101 / 124
Eval Batch: 102 / 124
Eval Batch: 103 / 124
Eval Batch: 104 / 124
Eval Batch: 105 / 124
Eval Batch: 106 / 124
Eval Batch: 107 / 124
Eval Batch: 108 / 124
Eval Batch: 109 / 124
Eval Batch: 110 / 124
Eval Batch: 111 / 124
Eval Batch: 112 / 124
Eval Batch: 113 / 124
Eval Batch: 114 / 124
Eval Batch: 115 / 124
Eval Batch: 116 / 124
Eval Batch: 117 / 124
Eval Batch: 118 / 124
Eval Batch: 119 / 124
Eval Batch: 120 / 124
Eval Batch: 121 / 124
Eval Batch: 122 / 124
Eval Batch: 123 / 124
General Training: Epoch 18 Train loss vp: 0.00. Train Accuracy VP: 100.00. Validation loss OBJ: 27.52. Validation Accuracy OBJ: 50.18. Validation Loss VP: 0.00. Validation Accuracy VP: 100.00. Elapsed time: 131.14ms. 

--------------------------------------------------
VP Training Phase
--------------------------------------------------
6
Training Batch: 0 / 6
Training Batch: 1 / 6
Training Batch: 2 / 6
Training Batch: 3 / 6
Training Batch: 4 / 6
Training Batch: 5 / 6
Eval Batch: 0 / 124
Eval Batch: 1 / 124
Eval Batch: 2 / 124
Eval Batch: 3 / 124
Eval Batch: 4 / 124
Eval Batch: 5 / 124
Eval Batch: 6 / 124
Eval Batch: 7 / 124
Eval Batch: 8 / 124
Eval Batch: 9 / 124
Eval Batch: 10 / 124
Eval Batch: 11 / 124
Eval Batch: 12 / 124
Eval Batch: 13 / 124
Eval Batch: 14 / 124
Eval Batch: 15 / 124
Eval Batch: 16 / 124
Eval Batch: 17 / 124
Eval Batch: 18 / 124
Eval Batch: 19 / 124
Eval Batch: 20 / 124
Eval Batch: 21 / 124
Eval Batch: 22 / 124
Eval Batch: 23 / 124
Eval Batch: 24 / 124
Eval Batch: 25 / 124
Eval Batch: 26 / 124
Eval Batch: 27 / 124
Eval Batch: 28 / 124
Eval Batch: 29 / 124
Eval Batch: 30 / 124
Eval Batch: 31 / 124
Eval Batch: 32 / 124
Eval Batch: 33 / 124
Eval Batch: 34 / 124
Eval Batch: 35 / 124
Eval Batch: 36 / 124
Eval Batch: 37 / 124
Eval Batch: 38 / 124
Eval Batch: 39 / 124
Eval Batch: 40 / 124
Eval Batch: 41 / 124
Eval Batch: 42 / 124
Eval Batch: 43 / 124
Eval Batch: 44 / 124
Eval Batch: 45 / 124
Eval Batch: 46 / 124
Eval Batch: 47 / 124
Eval Batch: 48 / 124
Eval Batch: 49 / 124
Eval Batch: 50 / 124
Eval Batch: 51 / 124
Eval Batch: 52 / 124
Eval Batch: 53 / 124
Eval Batch: 54 / 124
Eval Batch: 55 / 124
Eval Batch: 56 / 124
Eval Batch: 57 / 124
Eval Batch: 58 / 124
Eval Batch: 59 / 124
Eval Batch: 60 / 124
Eval Batch: 61 / 124
Eval Batch: 62 / 124
Eval Batch: 63 / 124
Eval Batch: 64 / 124
Eval Batch: 65 / 124
Eval Batch: 66 / 124
Eval Batch: 67 / 124
Eval Batch: 68 / 124
Eval Batch: 69 / 124
Eval Batch: 70 / 124
Eval Batch: 71 / 124
Eval Batch: 72 / 124
Eval Batch: 73 / 124
Eval Batch: 74 / 124
Eval Batch: 75 / 124
Eval Batch: 76 / 124
Eval Batch: 77 / 124
Eval Batch: 78 / 124
Eval Batch: 79 / 124
Eval Batch: 80 / 124
Eval Batch: 81 / 124
Eval Batch: 82 / 124
Eval Batch: 83 / 124
Eval Batch: 84 / 124
Eval Batch: 85 / 124
Eval Batch: 86 / 124
Eval Batch: 87 / 124
Eval Batch: 88 / 124
Eval Batch: 89 / 124
Eval Batch: 90 / 124
Eval Batch: 91 / 124
Eval Batch: 92 / 124
Eval Batch: 93 / 124
Eval Batch: 94 / 124
Eval Batch: 95 / 124
Eval Batch: 96 / 124
Eval Batch: 97 / 124
Eval Batch: 98 / 124
Eval Batch: 99 / 124
Eval Batch: 100 / 124
Eval Batch: 101 / 124
Eval Batch: 102 / 124
Eval Batch: 103 / 124
Eval Batch: 104 / 124
Eval Batch: 105 / 124
Eval Batch: 106 / 124
Eval Batch: 107 / 124
Eval Batch: 108 / 124
Eval Batch: 109 / 124
Eval Batch: 110 / 124
Eval Batch: 111 / 124
Eval Batch: 112 / 124
Eval Batch: 113 / 124
Eval Batch: 114 / 124
Eval Batch: 115 / 124
Eval Batch: 116 / 124
Eval Batch: 117 / 124
Eval Batch: 118 / 124
Eval Batch: 119 / 124
Eval Batch: 120 / 124
Eval Batch: 121 / 124
Eval Batch: 122 / 124
Eval Batch: 123 / 124
General Training: Epoch 19 Train loss vp: 0.00. Train Accuracy VP: 100.00. Validation loss OBJ: 27.52. Validation Accuracy OBJ: 50.18. Validation Loss VP: 0.00. Validation Accuracy VP: 100.00. Elapsed time: 131.36ms. 

--------------------------------------------------
VP Training Phase
--------------------------------------------------
6
Training Batch: 0 / 6
Training Batch: 1 / 6
Training Batch: 2 / 6
Training Batch: 3 / 6
Training Batch: 4 / 6
Training Batch: 5 / 6
Eval Batch: 0 / 124
Eval Batch: 1 / 124
Eval Batch: 2 / 124
Eval Batch: 3 / 124
Eval Batch: 4 / 124
Eval Batch: 5 / 124
Eval Batch: 6 / 124
Eval Batch: 7 / 124
Eval Batch: 8 / 124
Eval Batch: 9 / 124
Eval Batch: 10 / 124
Eval Batch: 11 / 124
Eval Batch: 12 / 124
Eval Batch: 13 / 124
Eval Batch: 14 / 124
Eval Batch: 15 / 124
Eval Batch: 16 / 124
Eval Batch: 17 / 124
Eval Batch: 18 / 124
Eval Batch: 19 / 124
Eval Batch: 20 / 124
Eval Batch: 21 / 124
Eval Batch: 22 / 124
Eval Batch: 23 / 124
Eval Batch: 24 / 124
Eval Batch: 25 / 124
Eval Batch: 26 / 124
Eval Batch: 27 / 124
Eval Batch: 28 / 124
Eval Batch: 29 / 124
Eval Batch: 30 / 124
Eval Batch: 31 / 124
Eval Batch: 32 / 124
Eval Batch: 33 / 124
Eval Batch: 34 / 124
Eval Batch: 35 / 124
Eval Batch: 36 / 124
Eval Batch: 37 / 124
Eval Batch: 38 / 124
Eval Batch: 39 / 124
Eval Batch: 40 / 124
Eval Batch: 41 / 124
Eval Batch: 42 / 124
Eval Batch: 43 / 124
Eval Batch: 44 / 124
Eval Batch: 45 / 124
Eval Batch: 46 / 124
Eval Batch: 47 / 124
Eval Batch: 48 / 124
Eval Batch: 49 / 124
Eval Batch: 50 / 124
Eval Batch: 51 / 124
Eval Batch: 52 / 124
Eval Batch: 53 / 124
Eval Batch: 54 / 124
Eval Batch: 55 / 124
Eval Batch: 56 / 124
Eval Batch: 57 / 124
Eval Batch: 58 / 124
Eval Batch: 59 / 124
Eval Batch: 60 / 124
Eval Batch: 61 / 124
Eval Batch: 62 / 124
Eval Batch: 63 / 124
Eval Batch: 64 / 124
Eval Batch: 65 / 124
Eval Batch: 66 / 124
Eval Batch: 67 / 124
Eval Batch: 68 / 124
Eval Batch: 69 / 124
Eval Batch: 70 / 124
Eval Batch: 71 / 124
Eval Batch: 72 / 124
Eval Batch: 73 / 124
Eval Batch: 74 / 124
Eval Batch: 75 / 124
Eval Batch: 76 / 124
Eval Batch: 77 / 124
Eval Batch: 78 / 124
Eval Batch: 79 / 124
Eval Batch: 80 / 124
Eval Batch: 81 / 124
Eval Batch: 82 / 124
Eval Batch: 83 / 124
Eval Batch: 84 / 124
Eval Batch: 85 / 124
Eval Batch: 86 / 124
Eval Batch: 87 / 124
Eval Batch: 88 / 124
Eval Batch: 89 / 124
Eval Batch: 90 / 124
Eval Batch: 91 / 124
Eval Batch: 92 / 124
Eval Batch: 93 / 124
Eval Batch: 94 / 124
Eval Batch: 95 / 124
Eval Batch: 96 / 124
Eval Batch: 97 / 124
Eval Batch: 98 / 124
Eval Batch: 99 / 124
Eval Batch: 100 / 124
Eval Batch: 101 / 124
Eval Batch: 102 / 124
Eval Batch: 103 / 124
Eval Batch: 104 / 124
Eval Batch: 105 / 124
Eval Batch: 106 / 124
Eval Batch: 107 / 124
Eval Batch: 108 / 124
Eval Batch: 109 / 124
Eval Batch: 110 / 124
Eval Batch: 111 / 124
Eval Batch: 112 / 124
Eval Batch: 113 / 124
Eval Batch: 114 / 124
Eval Batch: 115 / 124
Eval Batch: 116 / 124
Eval Batch: 117 / 124
Eval Batch: 118 / 124
Eval Batch: 119 / 124
Eval Batch: 120 / 124
Eval Batch: 121 / 124
Eval Batch: 122 / 124
Eval Batch: 123 / 124
General Training: Epoch 20 Train loss vp: 0.00. Train Accuracy VP: 100.00. Validation loss OBJ: 27.52. Validation Accuracy OBJ: 50.18. Validation Loss VP: 0.00. Validation Accuracy VP: 100.00. Elapsed time: 131.92ms. 

--------------------------------------------------
VP Training Phase
--------------------------------------------------
6
Training Batch: 0 / 6
Training Batch: 1 / 6
Training Batch: 2 / 6
Training Batch: 3 / 6
Training Batch: 4 / 6
Training Batch: 5 / 6
Eval Batch: 0 / 124
Eval Batch: 1 / 124
Eval Batch: 2 / 124
Eval Batch: 3 / 124
Eval Batch: 4 / 124
Eval Batch: 5 / 124
Eval Batch: 6 / 124
Eval Batch: 7 / 124
Eval Batch: 8 / 124
Eval Batch: 9 / 124
Eval Batch: 10 / 124
Eval Batch: 11 / 124
Eval Batch: 12 / 124
Eval Batch: 13 / 124
Eval Batch: 14 / 124
Eval Batch: 15 / 124
Eval Batch: 16 / 124
Eval Batch: 17 / 124
Eval Batch: 18 / 124
Eval Batch: 19 / 124
Eval Batch: 20 / 124
Eval Batch: 21 / 124
Eval Batch: 22 / 124
Eval Batch: 23 / 124
Eval Batch: 24 / 124
Eval Batch: 25 / 124
Eval Batch: 26 / 124
Eval Batch: 27 / 124
Eval Batch: 28 / 124
Eval Batch: 29 / 124
Eval Batch: 30 / 124
Eval Batch: 31 / 124
Eval Batch: 32 / 124
Eval Batch: 33 / 124
Eval Batch: 34 / 124
Eval Batch: 35 / 124
Eval Batch: 36 / 124
Eval Batch: 37 / 124
Eval Batch: 38 / 124
Eval Batch: 39 / 124
Eval Batch: 40 / 124
Eval Batch: 41 / 124
Eval Batch: 42 / 124
Eval Batch: 43 / 124
Eval Batch: 44 / 124
Eval Batch: 45 / 124
Eval Batch: 46 / 124
Eval Batch: 47 / 124
Eval Batch: 48 / 124
Eval Batch: 49 / 124
Eval Batch: 50 / 124
Eval Batch: 51 / 124
Eval Batch: 52 / 124
Eval Batch: 53 / 124
Eval Batch: 54 / 124
Eval Batch: 55 / 124
Eval Batch: 56 / 124
Eval Batch: 57 / 124
Eval Batch: 58 / 124
Eval Batch: 59 / 124
Eval Batch: 60 / 124
Eval Batch: 61 / 124
Eval Batch: 62 / 124
Eval Batch: 63 / 124
Eval Batch: 64 / 124
Eval Batch: 65 / 124
Eval Batch: 66 / 124
Eval Batch: 67 / 124
Eval Batch: 68 / 124
Eval Batch: 69 / 124
Eval Batch: 70 / 124
Eval Batch: 71 / 124
Eval Batch: 72 / 124
Eval Batch: 73 / 124
Eval Batch: 74 / 124
Eval Batch: 75 / 124
Eval Batch: 76 / 124
Eval Batch: 77 / 124
Eval Batch: 78 / 124
Eval Batch: 79 / 124
Eval Batch: 80 / 124
Eval Batch: 81 / 124
Eval Batch: 82 / 124
Eval Batch: 83 / 124
Eval Batch: 84 / 124
Eval Batch: 85 / 124
Eval Batch: 86 / 124
Eval Batch: 87 / 124
Eval Batch: 88 / 124
Eval Batch: 89 / 124
Eval Batch: 90 / 124
Eval Batch: 91 / 124
Eval Batch: 92 / 124
Eval Batch: 93 / 124
Eval Batch: 94 / 124
Eval Batch: 95 / 124
Eval Batch: 96 / 124
Eval Batch: 97 / 124
Eval Batch: 98 / 124
Eval Batch: 99 / 124
Eval Batch: 100 / 124
Eval Batch: 101 / 124
Eval Batch: 102 / 124
Eval Batch: 103 / 124
Eval Batch: 104 / 124
Eval Batch: 105 / 124
Eval Batch: 106 / 124
Eval Batch: 107 / 124
Eval Batch: 108 / 124
Eval Batch: 109 / 124
Eval Batch: 110 / 124
Eval Batch: 111 / 124
Eval Batch: 112 / 124
Eval Batch: 113 / 124
Eval Batch: 114 / 124
Eval Batch: 115 / 124
Eval Batch: 116 / 124
Eval Batch: 117 / 124
Eval Batch: 118 / 124
Eval Batch: 119 / 124
Eval Batch: 120 / 124
Eval Batch: 121 / 124
Eval Batch: 122 / 124
Eval Batch: 123 / 124
General Training: Epoch 21 Train loss vp: 0.00. Train Accuracy VP: 100.00. Validation loss OBJ: 27.52. Validation Accuracy OBJ: 50.18. Validation Loss VP: 0.00. Validation Accuracy VP: 100.00. Elapsed time: 130.77ms. 

--------------------------------------------------
VP Training Phase
--------------------------------------------------
6
Training Batch: 0 / 6
Training Batch: 1 / 6
Training Batch: 2 / 6
Training Batch: 3 / 6
Training Batch: 4 / 6
Training Batch: 5 / 6
Eval Batch: 0 / 124
Eval Batch: 1 / 124
Eval Batch: 2 / 124
Eval Batch: 3 / 124
Eval Batch: 4 / 124
Eval Batch: 5 / 124
Eval Batch: 6 / 124
Eval Batch: 7 / 124
Eval Batch: 8 / 124
Eval Batch: 9 / 124
Eval Batch: 10 / 124
Eval Batch: 11 / 124
Eval Batch: 12 / 124
Eval Batch: 13 / 124
Eval Batch: 14 / 124
Eval Batch: 15 / 124
Eval Batch: 16 / 124
Eval Batch: 17 / 124
Eval Batch: 18 / 124
Eval Batch: 19 / 124
Eval Batch: 20 / 124
Eval Batch: 21 / 124
Eval Batch: 22 / 124
Eval Batch: 23 / 124
Eval Batch: 24 / 124
Eval Batch: 25 / 124
Eval Batch: 26 / 124
Eval Batch: 27 / 124
Eval Batch: 28 / 124
Eval Batch: 29 / 124
Eval Batch: 30 / 124
Eval Batch: 31 / 124
Eval Batch: 32 / 124
Eval Batch: 33 / 124
Eval Batch: 34 / 124
Eval Batch: 35 / 124
Eval Batch: 36 / 124
Eval Batch: 37 / 124
Eval Batch: 38 / 124
Eval Batch: 39 / 124
Eval Batch: 40 / 124
Eval Batch: 41 / 124
Eval Batch: 42 / 124
Eval Batch: 43 / 124
Eval Batch: 44 / 124
Eval Batch: 45 / 124
Eval Batch: 46 / 124
Eval Batch: 47 / 124
Eval Batch: 48 / 124
Eval Batch: 49 / 124
Eval Batch: 50 / 124
Eval Batch: 51 / 124
Eval Batch: 52 / 124
Eval Batch: 53 / 124
Eval Batch: 54 / 124
Eval Batch: 55 / 124
Eval Batch: 56 / 124
Eval Batch: 57 / 124
Eval Batch: 58 / 124
Eval Batch: 59 / 124
Eval Batch: 60 / 124
Eval Batch: 61 / 124
Eval Batch: 62 / 124
Eval Batch: 63 / 124
Eval Batch: 64 / 124
Eval Batch: 65 / 124
Eval Batch: 66 / 124
Eval Batch: 67 / 124
Eval Batch: 68 / 124
Eval Batch: 69 / 124
Eval Batch: 70 / 124
Eval Batch: 71 / 124
Eval Batch: 72 / 124
Eval Batch: 73 / 124
Eval Batch: 74 / 124
Eval Batch: 75 / 124
Eval Batch: 76 / 124
Eval Batch: 77 / 124
Eval Batch: 78 / 124
Eval Batch: 79 / 124
Eval Batch: 80 / 124
Eval Batch: 81 / 124
Eval Batch: 82 / 124
Eval Batch: 83 / 124
Eval Batch: 84 / 124
Eval Batch: 85 / 124
Eval Batch: 86 / 124
Eval Batch: 87 / 124
Eval Batch: 88 / 124
Eval Batch: 89 / 124
Eval Batch: 90 / 124
Eval Batch: 91 / 124
Eval Batch: 92 / 124
Eval Batch: 93 / 124
Eval Batch: 94 / 124
Eval Batch: 95 / 124
Eval Batch: 96 / 124
Eval Batch: 97 / 124
Eval Batch: 98 / 124
Eval Batch: 99 / 124
Eval Batch: 100 / 124
Eval Batch: 101 / 124
Eval Batch: 102 / 124
Eval Batch: 103 / 124
Eval Batch: 104 / 124
Eval Batch: 105 / 124
Eval Batch: 106 / 124
Eval Batch: 107 / 124
Eval Batch: 108 / 124
Eval Batch: 109 / 124
Eval Batch: 110 / 124
Eval Batch: 111 / 124
Eval Batch: 112 / 124
Eval Batch: 113 / 124
Eval Batch: 114 / 124
Eval Batch: 115 / 124
Eval Batch: 116 / 124
Eval Batch: 117 / 124
Eval Batch: 118 / 124
Eval Batch: 119 / 124
Eval Batch: 120 / 124
Eval Batch: 121 / 124
Eval Batch: 122 / 124
Eval Batch: 123 / 124
General Training: Epoch 22 Train loss vp: 0.00. Train Accuracy VP: 100.00. Validation loss OBJ: 27.52. Validation Accuracy OBJ: 50.18. Validation Loss VP: 0.00. Validation Accuracy VP: 100.00. Elapsed time: 130.25ms. 

--------------------------------------------------
VP Training Phase
--------------------------------------------------
6
Training Batch: 0 / 6
Training Batch: 1 / 6
Training Batch: 2 / 6
Training Batch: 3 / 6
Training Batch: 4 / 6
Training Batch: 5 / 6
Eval Batch: 0 / 124
Eval Batch: 1 / 124
Eval Batch: 2 / 124
Eval Batch: 3 / 124
Eval Batch: 4 / 124
Eval Batch: 5 / 124
Eval Batch: 6 / 124
Eval Batch: 7 / 124
Eval Batch: 8 / 124
Eval Batch: 9 / 124
Eval Batch: 10 / 124
Eval Batch: 11 / 124
Eval Batch: 12 / 124
Eval Batch: 13 / 124
Eval Batch: 14 / 124
Eval Batch: 15 / 124
Eval Batch: 16 / 124
Eval Batch: 17 / 124
Eval Batch: 18 / 124
Eval Batch: 19 / 124
Eval Batch: 20 / 124
Eval Batch: 21 / 124
Eval Batch: 22 / 124
Eval Batch: 23 / 124
Eval Batch: 24 / 124
Eval Batch: 25 / 124
Eval Batch: 26 / 124
Eval Batch: 27 / 124
Eval Batch: 28 / 124
Eval Batch: 29 / 124
Eval Batch: 30 / 124
Eval Batch: 31 / 124
Eval Batch: 32 / 124
Eval Batch: 33 / 124
Eval Batch: 34 / 124
Eval Batch: 35 / 124
Eval Batch: 36 / 124
Eval Batch: 37 / 124
Eval Batch: 38 / 124
Eval Batch: 39 / 124
Eval Batch: 40 / 124
Eval Batch: 41 / 124
Eval Batch: 42 / 124
Eval Batch: 43 / 124
Eval Batch: 44 / 124
Eval Batch: 45 / 124
Eval Batch: 46 / 124
Eval Batch: 47 / 124
Eval Batch: 48 / 124
Eval Batch: 49 / 124
Eval Batch: 50 / 124
Eval Batch: 51 / 124
Eval Batch: 52 / 124
Eval Batch: 53 / 124
Eval Batch: 54 / 124
Eval Batch: 55 / 124
Eval Batch: 56 / 124
Eval Batch: 57 / 124
Eval Batch: 58 / 124
Eval Batch: 59 / 124
Eval Batch: 60 / 124
Eval Batch: 61 / 124
Eval Batch: 62 / 124
Eval Batch: 63 / 124
Eval Batch: 64 / 124
Eval Batch: 65 / 124
Eval Batch: 66 / 124
Eval Batch: 67 / 124
Eval Batch: 68 / 124
Eval Batch: 69 / 124
Eval Batch: 70 / 124
Eval Batch: 71 / 124
Eval Batch: 72 / 124
Eval Batch: 73 / 124
Eval Batch: 74 / 124
Eval Batch: 75 / 124
Eval Batch: 76 / 124
Eval Batch: 77 / 124
Eval Batch: 78 / 124
Eval Batch: 79 / 124
Eval Batch: 80 / 124
Eval Batch: 81 / 124
Eval Batch: 82 / 124
Eval Batch: 83 / 124
Eval Batch: 84 / 124
Eval Batch: 85 / 124
Eval Batch: 86 / 124
Eval Batch: 87 / 124
Eval Batch: 88 / 124
Eval Batch: 89 / 124
Eval Batch: 90 / 124
Eval Batch: 91 / 124
Eval Batch: 92 / 124
Eval Batch: 93 / 124
Eval Batch: 94 / 124
Eval Batch: 95 / 124
Eval Batch: 96 / 124
Eval Batch: 97 / 124
Eval Batch: 98 / 124
Eval Batch: 99 / 124
Eval Batch: 100 / 124
Eval Batch: 101 / 124
Eval Batch: 102 / 124
Eval Batch: 103 / 124
Eval Batch: 104 / 124
Eval Batch: 105 / 124
Eval Batch: 106 / 124
Eval Batch: 107 / 124
Eval Batch: 108 / 124
Eval Batch: 109 / 124
Eval Batch: 110 / 124
Eval Batch: 111 / 124
Eval Batch: 112 / 124
Eval Batch: 113 / 124
Eval Batch: 114 / 124
Eval Batch: 115 / 124
Eval Batch: 116 / 124
Eval Batch: 117 / 124
Eval Batch: 118 / 124
Eval Batch: 119 / 124
Eval Batch: 120 / 124
Eval Batch: 121 / 124
Eval Batch: 122 / 124
Eval Batch: 123 / 124
General Training: Epoch 23 Train loss vp: 0.00. Train Accuracy VP: 100.00. Validation loss OBJ: 27.52. Validation Accuracy OBJ: 50.18. Validation Loss VP: 0.00. Validation Accuracy VP: 100.00. Elapsed time: 131.34ms. 

--------------------------------------------------
VP Training Phase
--------------------------------------------------
6
Training Batch: 0 / 6
Training Batch: 1 / 6
Training Batch: 2 / 6
Training Batch: 3 / 6
Training Batch: 4 / 6
Training Batch: 5 / 6
Eval Batch: 0 / 124
Eval Batch: 1 / 124
Eval Batch: 2 / 124
Eval Batch: 3 / 124
Eval Batch: 4 / 124
Eval Batch: 5 / 124
Eval Batch: 6 / 124
Eval Batch: 7 / 124
Eval Batch: 8 / 124
Eval Batch: 9 / 124
Eval Batch: 10 / 124
Eval Batch: 11 / 124
Eval Batch: 12 / 124
Eval Batch: 13 / 124
Eval Batch: 14 / 124
Eval Batch: 15 / 124
Eval Batch: 16 / 124
Eval Batch: 17 / 124
Eval Batch: 18 / 124
Eval Batch: 19 / 124
Eval Batch: 20 / 124
Eval Batch: 21 / 124
Eval Batch: 22 / 124
Eval Batch: 23 / 124
Eval Batch: 24 / 124
Eval Batch: 25 / 124
Eval Batch: 26 / 124
Eval Batch: 27 / 124
Eval Batch: 28 / 124
Eval Batch: 29 / 124
Eval Batch: 30 / 124
Eval Batch: 31 / 124
Eval Batch: 32 / 124
Eval Batch: 33 / 124
Eval Batch: 34 / 124
Eval Batch: 35 / 124
Eval Batch: 36 / 124
Eval Batch: 37 / 124
Eval Batch: 38 / 124
Eval Batch: 39 / 124
Eval Batch: 40 / 124
Eval Batch: 41 / 124
Eval Batch: 42 / 124
Eval Batch: 43 / 124
Eval Batch: 44 / 124
Eval Batch: 45 / 124
Eval Batch: 46 / 124
Eval Batch: 47 / 124
Eval Batch: 48 / 124
Eval Batch: 49 / 124
Eval Batch: 50 / 124
Eval Batch: 51 / 124
Eval Batch: 52 / 124
Eval Batch: 53 / 124
Eval Batch: 54 / 124
Eval Batch: 55 / 124
Eval Batch: 56 / 124
Eval Batch: 57 / 124
Eval Batch: 58 / 124
Eval Batch: 59 / 124
Eval Batch: 60 / 124
Eval Batch: 61 / 124
Eval Batch: 62 / 124
Eval Batch: 63 / 124
Eval Batch: 64 / 124
Eval Batch: 65 / 124
Eval Batch: 66 / 124
Eval Batch: 67 / 124
Eval Batch: 68 / 124
Eval Batch: 69 / 124
Eval Batch: 70 / 124
Eval Batch: 71 / 124
Eval Batch: 72 / 124
Eval Batch: 73 / 124
Eval Batch: 74 / 124
Eval Batch: 75 / 124
Eval Batch: 76 / 124
Eval Batch: 77 / 124
Eval Batch: 78 / 124
Eval Batch: 79 / 124
Eval Batch: 80 / 124
Eval Batch: 81 / 124
Eval Batch: 82 / 124
Eval Batch: 83 / 124
Eval Batch: 84 / 124
Eval Batch: 85 / 124
Eval Batch: 86 / 124
Eval Batch: 87 / 124
Eval Batch: 88 / 124
Eval Batch: 89 / 124
Eval Batch: 90 / 124
Eval Batch: 91 / 124
Eval Batch: 92 / 124
Eval Batch: 93 / 124
Eval Batch: 94 / 124
Eval Batch: 95 / 124
Eval Batch: 96 / 124
Eval Batch: 97 / 124
Eval Batch: 98 / 124
Eval Batch: 99 / 124
Eval Batch: 100 / 124
Eval Batch: 101 / 124
Eval Batch: 102 / 124
Eval Batch: 103 / 124
Eval Batch: 104 / 124
Eval Batch: 105 / 124
Eval Batch: 106 / 124
Eval Batch: 107 / 124
Eval Batch: 108 / 124
Eval Batch: 109 / 124
Eval Batch: 110 / 124
Eval Batch: 111 / 124
Eval Batch: 112 / 124
Eval Batch: 113 / 124
Eval Batch: 114 / 124
Eval Batch: 115 / 124
Eval Batch: 116 / 124
Eval Batch: 117 / 124
Eval Batch: 118 / 124
Eval Batch: 119 / 124
Eval Batch: 120 / 124
Eval Batch: 121 / 124
Eval Batch: 122 / 124
Eval Batch: 123 / 124
General Training: Epoch 24 Train loss vp: 0.00. Train Accuracy VP: 100.00. Validation loss OBJ: 27.52. Validation Accuracy OBJ: 50.18. Validation Loss VP: 0.00. Validation Accuracy VP: 100.00. Elapsed time: 129.49ms. 

--------------------------------------------------
VP Training Phase
--------------------------------------------------
6
Training Batch: 0 / 6
Training Batch: 1 / 6
Training Batch: 2 / 6
Training Batch: 3 / 6
Training Batch: 4 / 6
Training Batch: 5 / 6
Eval Batch: 0 / 124
Eval Batch: 1 / 124
Eval Batch: 2 / 124
Eval Batch: 3 / 124
Eval Batch: 4 / 124
Eval Batch: 5 / 124
Eval Batch: 6 / 124
Eval Batch: 7 / 124
Eval Batch: 8 / 124
Eval Batch: 9 / 124
Eval Batch: 10 / 124
Eval Batch: 11 / 124
Eval Batch: 12 / 124
Eval Batch: 13 / 124
Eval Batch: 14 / 124
Eval Batch: 15 / 124
Eval Batch: 16 / 124
Eval Batch: 17 / 124
Eval Batch: 18 / 124
Eval Batch: 19 / 124
Eval Batch: 20 / 124
Eval Batch: 21 / 124
Eval Batch: 22 / 124
Eval Batch: 23 / 124
Eval Batch: 24 / 124
Eval Batch: 25 / 124
Eval Batch: 26 / 124
Eval Batch: 27 / 124
Eval Batch: 28 / 124
Eval Batch: 29 / 124
Eval Batch: 30 / 124
Eval Batch: 31 / 124
Eval Batch: 32 / 124
Eval Batch: 33 / 124
Eval Batch: 34 / 124
Eval Batch: 35 / 124
Eval Batch: 36 / 124
Eval Batch: 37 / 124
Eval Batch: 38 / 124
Eval Batch: 39 / 124
Eval Batch: 40 / 124
Eval Batch: 41 / 124
Eval Batch: 42 / 124
Eval Batch: 43 / 124
Eval Batch: 44 / 124
Eval Batch: 45 / 124
Eval Batch: 46 / 124
Eval Batch: 47 / 124
Eval Batch: 48 / 124
Eval Batch: 49 / 124
Eval Batch: 50 / 124
Eval Batch: 51 / 124
Eval Batch: 52 / 124
Eval Batch: 53 / 124
Eval Batch: 54 / 124
Eval Batch: 55 / 124
Eval Batch: 56 / 124
Eval Batch: 57 / 124
Eval Batch: 58 / 124
Eval Batch: 59 / 124
Eval Batch: 60 / 124
Eval Batch: 61 / 124
Eval Batch: 62 / 124
Eval Batch: 63 / 124
Eval Batch: 64 / 124
Eval Batch: 65 / 124
Eval Batch: 66 / 124
Eval Batch: 67 / 124
Eval Batch: 68 / 124
Eval Batch: 69 / 124
Eval Batch: 70 / 124
Eval Batch: 71 / 124
Eval Batch: 72 / 124
Eval Batch: 73 / 124
Eval Batch: 74 / 124
Eval Batch: 75 / 124
Eval Batch: 76 / 124
Eval Batch: 77 / 124
Eval Batch: 78 / 124
Eval Batch: 79 / 124
Eval Batch: 80 / 124
Eval Batch: 81 / 124
Eval Batch: 82 / 124
Eval Batch: 83 / 124
Eval Batch: 84 / 124
Eval Batch: 85 / 124
Eval Batch: 86 / 124
Eval Batch: 87 / 124
Eval Batch: 88 / 124
Eval Batch: 89 / 124
Eval Batch: 90 / 124
Eval Batch: 91 / 124
Eval Batch: 92 / 124
Eval Batch: 93 / 124
Eval Batch: 94 / 124
Eval Batch: 95 / 124
Eval Batch: 96 / 124
Eval Batch: 97 / 124
Eval Batch: 98 / 124
Eval Batch: 99 / 124
Eval Batch: 100 / 124
Eval Batch: 101 / 124
Eval Batch: 102 / 124
Eval Batch: 103 / 124
Eval Batch: 104 / 124
Eval Batch: 105 / 124
Eval Batch: 106 / 124
Eval Batch: 107 / 124
Eval Batch: 108 / 124
Eval Batch: 109 / 124
Eval Batch: 110 / 124
Eval Batch: 111 / 124
Eval Batch: 112 / 124
Eval Batch: 113 / 124
Eval Batch: 114 / 124
Eval Batch: 115 / 124
Eval Batch: 116 / 124
Eval Batch: 117 / 124
Eval Batch: 118 / 124
Eval Batch: 119 / 124
Eval Batch: 120 / 124
Eval Batch: 121 / 124
Eval Batch: 122 / 124
Eval Batch: 123 / 124
General Training: Epoch 25 Train loss vp: 0.00. Train Accuracy VP: 100.00. Validation loss OBJ: 27.52. Validation Accuracy OBJ: 50.18. Validation Loss VP: 0.00. Validation Accuracy VP: 100.00. Elapsed time: 131.86ms. 

----------------------------------------
Complete Net Training Phase (Phase II)
----------------------------------------
Training Batch: 0 / 6
Training Batch: 1 / 6
Traceback (most recent call last):
  File "main.py", line 70, in <module>
    main(args)
  File "main.py", line 32, in main
    helper.train(train_dataloader, valid_dataloader, args.num_epochs_vp, args.num_epochs_general)
  File "/global/scratch/akashgokul/294_FinalProj/torch/vp_lanedetect.py", line 184, in train
    loss_vp = self.loss_vp(vp_pred, vp)
  File "/global/scratch/akashgokul/kaolin_run/lib/python3.6/site-packages/torch/nn/modules/module.py", line 532, in __call__
    result = self.forward(*input, **kwargs)
  File "/global/scratch/akashgokul/kaolin_run/lib/python3.6/site-packages/torch/nn/modules/loss.py", line 498, in forward
    return F.binary_cross_entropy(input, target, weight=self.weight, reduction=self.reduction)
  File "/global/scratch/akashgokul/kaolin_run/lib/python3.6/site-packages/torch/nn/functional.py", line 2077, in binary_cross_entropy
    input, target, weight, reduction_enum)
t pRuntimeError: Assertion `x >= 0. && x <= 1.' failed. input value should be between 0~1, but got -nan at /opt/conda/conda-bld/pytorch_1579022034529/work/aten/src/THNN/generic/BCECriterion.c:62
